ERROR - 2022-06-03 13:00:03 --> Cannot add or update a child row: a foreign key constraint fails (`rtpintar`.`keuangan`, CONSTRAINT `keuangan_ibfk_2` FOREIGN KEY (`id_kategori_uang`) REFERENCES `kategori` (`id_kategori`) ON DELETE CASCADE ON UPDATE CASCADE)
CRITICAL - 2022-06-03 13:00:03 --> Cannot add or update a child row: a foreign key constraint fails (`rtpintar`.`keuangan`, CONSTRAINT `keuangan_ibfk_2` FOREIGN KEY (`id_kategori_uang`) REFERENCES `kategori` (`id_kategori`) ON DELETE CASCADE ON UPDATE CASCADE)
#0 C:\xampp\htdocs\rtpintar\system\Database\MySQLi\Connection.php(292): mysqli->query('UPDATE `keuanga...', 0)
#1 C:\xampp\htdocs\rtpintar\system\Database\BaseConnection.php(670): CodeIgniter\Database\MySQLi\Connection->execute('UPDATE `keuanga...')
#2 C:\xampp\htdocs\rtpintar\system\Database\BaseConnection.php(598): CodeIgniter\Database\BaseConnection->simpleQuery('UPDATE `keuanga...')
#3 C:\xampp\htdocs\rtpintar\system\Database\BaseBuilder.php(1913): CodeIgniter\Database\BaseConnection->query('UPDATE `keuanga...', Array, false)
#4 C:\xampp\htdocs\rtpintar\app\Models\KeuanganModel.php(22): CodeIgniter\Database\BaseBuilder->update(Array, Array)
#5 C:\xampp\htdocs\rtpintar\app\Controllers\Keuangan.php(90): App\Models\KeuanganModel->updateKeuangan(Array, '3')
#6 C:\xampp\htdocs\rtpintar\system\CodeIgniter.php(825): App\Controllers\Keuangan->updatekeuangan()
#7 C:\xampp\htdocs\rtpintar\system\CodeIgniter.php(412): CodeIgniter\CodeIgniter->runController(Object(App\Controllers\Keuangan))
#8 C:\xampp\htdocs\rtpintar\system\CodeIgniter.php(320): CodeIgniter\CodeIgniter->handleRequest(NULL, Object(Config\Cache), false)
#9 C:\xampp\htdocs\rtpintar\public\index.php(37): CodeIgniter\CodeIgniter->run()
#10 C:\xampp\htdocs\rtpintar\system\Commands\Server\rewrite.php(43): require_once('C:\\xampp\\htdocs...')
#11 {main}
CRITICAL - 2022-06-03 13:19:33 --> Invalid argument supplied for foreach()
#0 C:\xampp\htdocs\rtpintar\app\Views\search_keuangan_view.php(41): CodeIgniter\Debug\Exceptions->errorHandler(2, 'Invalid argumen...', 'C:\\xampp\\htdocs...', 41, Array)
#1 C:\xampp\htdocs\rtpintar\system\View\View.php(210): include('C:\\xampp\\htdocs...')
#2 C:\xampp\htdocs\rtpintar\system\View\View.php(213): CodeIgniter\View\View->CodeIgniter\View\{closure}()
#3 C:\xampp\htdocs\rtpintar\system\Common.php(1089): CodeIgniter\View\View->render('search_keuangan...', Array, true)
#4 C:\xampp\htdocs\rtpintar\app\Controllers\Keuangan.php(126): view('search_keuangan...', Array)
#5 C:\xampp\htdocs\rtpintar\system\CodeIgniter.php(825): App\Controllers\Keuangan->carikeuangan()
#6 C:\xampp\htdocs\rtpintar\system\CodeIgniter.php(412): CodeIgniter\CodeIgniter->runController(Object(App\Controllers\Keuangan))
#7 C:\xampp\htdocs\rtpintar\system\CodeIgniter.php(320): CodeIgniter\CodeIgniter->handleRequest(NULL, Object(Config\Cache), false)
#8 C:\xampp\htdocs\rtpintar\public\index.php(37): CodeIgniter\CodeIgniter->run()
#9 C:\xampp\htdocs\rtpintar\system\Commands\Server\rewrite.php(43): require_once('C:\\xampp\\htdocs...')
#10 {main}
