CRITICAL - 2022-07-22 21:57:53 --> Call to a member function getErrors() on null
#0 C:\xampp\htdocs\rtpintar\system\View\View.php(210): include()
#1 C:\xampp\htdocs\rtpintar\system\View\View.php(213): CodeIgniter\View\View->CodeIgniter\View\{closure}()
#2 C:\xampp\htdocs\rtpintar\system\Common.php(1089): CodeIgniter\View\View->render('warga_view', Array, true)
#3 C:\xampp\htdocs\rtpintar\app\Controllers\Warga.php(27): view('warga_view', Array)
#4 C:\xampp\htdocs\rtpintar\system\CodeIgniter.php(825): App\Controllers\Warga->index()
#5 C:\xampp\htdocs\rtpintar\system\CodeIgniter.php(412): CodeIgniter\CodeIgniter->runController(Object(App\Controllers\Warga))
#6 C:\xampp\htdocs\rtpintar\system\CodeIgniter.php(320): CodeIgniter\CodeIgniter->handleRequest(NULL, Object(Config\Cache), false)
#7 C:\xampp\htdocs\rtpintar\public\index.php(37): CodeIgniter\CodeIgniter->run()
#8 C:\xampp\htdocs\rtpintar\system\Commands\Server\rewrite.php(43): require_once('C:\\xampp\\htdocs...')
#9 {main}
CRITICAL - 2022-07-22 22:01:38 --> Call to a member function getFlashdata() on null
#0 C:\xampp\htdocs\rtpintar\system\View\View.php(210): include()
#1 C:\xampp\htdocs\rtpintar\system\View\View.php(213): CodeIgniter\View\View->CodeIgniter\View\{closure}()
#2 C:\xampp\htdocs\rtpintar\system\Common.php(1089): CodeIgniter\View\View->render('warga_view', Array, true)
#3 C:\xampp\htdocs\rtpintar\app\Controllers\Warga.php(27): view('warga_view', Array)
#4 C:\xampp\htdocs\rtpintar\system\CodeIgniter.php(825): App\Controllers\Warga->index()
#5 C:\xampp\htdocs\rtpintar\system\CodeIgniter.php(412): CodeIgniter\CodeIgniter->runController(Object(App\Controllers\Warga))
#6 C:\xampp\htdocs\rtpintar\system\CodeIgniter.php(320): CodeIgniter\CodeIgniter->handleRequest(NULL, Object(Config\Cache), false)
#7 C:\xampp\htdocs\rtpintar\public\index.php(37): CodeIgniter\CodeIgniter->run()
#8 C:\xampp\htdocs\rtpintar\system\Commands\Server\rewrite.php(43): require_once('C:\\xampp\\htdocs...')
#9 {main}
CRITICAL - 2022-07-22 22:01:49 --> Call to a member function getFlashdata() on null
#0 C:\xampp\htdocs\rtpintar\system\View\View.php(210): include()
#1 C:\xampp\htdocs\rtpintar\system\View\View.php(213): CodeIgniter\View\View->CodeIgniter\View\{closure}()
#2 C:\xampp\htdocs\rtpintar\system\Common.php(1089): CodeIgniter\View\View->render('warga_view', Array, true)
#3 C:\xampp\htdocs\rtpintar\app\Controllers\Warga.php(27): view('warga_view', Array)
#4 C:\xampp\htdocs\rtpintar\system\CodeIgniter.php(825): App\Controllers\Warga->index()
#5 C:\xampp\htdocs\rtpintar\system\CodeIgniter.php(412): CodeIgniter\CodeIgniter->runController(Object(App\Controllers\Warga))
#6 C:\xampp\htdocs\rtpintar\system\CodeIgniter.php(320): CodeIgniter\CodeIgniter->handleRequest(NULL, Object(Config\Cache), false)
#7 C:\xampp\htdocs\rtpintar\public\index.php(37): CodeIgniter\CodeIgniter->run()
#8 C:\xampp\htdocs\rtpintar\system\Commands\Server\rewrite.php(43): require_once('C:\\xampp\\htdocs...')
#9 {main}
CRITICAL - 2022-07-22 22:01:50 --> Call to a member function getFlashdata() on null
#0 C:\xampp\htdocs\rtpintar\system\View\View.php(210): include()
#1 C:\xampp\htdocs\rtpintar\system\View\View.php(213): CodeIgniter\View\View->CodeIgniter\View\{closure}()
#2 C:\xampp\htdocs\rtpintar\system\Common.php(1089): CodeIgniter\View\View->render('warga_view', Array, true)
#3 C:\xampp\htdocs\rtpintar\app\Controllers\Warga.php(27): view('warga_view', Array)
#4 C:\xampp\htdocs\rtpintar\system\CodeIgniter.php(825): App\Controllers\Warga->index()
#5 C:\xampp\htdocs\rtpintar\system\CodeIgniter.php(412): CodeIgniter\CodeIgniter->runController(Object(App\Controllers\Warga))
#6 C:\xampp\htdocs\rtpintar\system\CodeIgniter.php(320): CodeIgniter\CodeIgniter->handleRequest(NULL, Object(Config\Cache), false)
#7 C:\xampp\htdocs\rtpintar\public\index.php(37): CodeIgniter\CodeIgniter->run()
#8 C:\xampp\htdocs\rtpintar\system\Commands\Server\rewrite.php(43): require_once('C:\\xampp\\htdocs...')
#9 {main}
CRITICAL - 2022-07-22 22:01:52 --> Call to a member function getFlashdata() on null
#0 C:\xampp\htdocs\rtpintar\system\View\View.php(210): include()
#1 C:\xampp\htdocs\rtpintar\system\View\View.php(213): CodeIgniter\View\View->CodeIgniter\View\{closure}()
#2 C:\xampp\htdocs\rtpintar\system\Common.php(1089): CodeIgniter\View\View->render('warga_view', Array, true)
#3 C:\xampp\htdocs\rtpintar\app\Controllers\Warga.php(27): view('warga_view', Array)
#4 C:\xampp\htdocs\rtpintar\system\CodeIgniter.php(825): App\Controllers\Warga->index()
#5 C:\xampp\htdocs\rtpintar\system\CodeIgniter.php(412): CodeIgniter\CodeIgniter->runController(Object(App\Controllers\Warga))
#6 C:\xampp\htdocs\rtpintar\system\CodeIgniter.php(320): CodeIgniter\CodeIgniter->handleRequest(NULL, Object(Config\Cache), false)
#7 C:\xampp\htdocs\rtpintar\public\index.php(37): CodeIgniter\CodeIgniter->run()
#8 C:\xampp\htdocs\rtpintar\system\Commands\Server\rewrite.php(43): require_once('C:\\xampp\\htdocs...')
#9 {main}
CRITICAL - 2022-07-22 22:03:29 --> Call to a member function flashdata() on null
#0 C:\xampp\htdocs\rtpintar\system\View\View.php(210): include()
#1 C:\xampp\htdocs\rtpintar\system\View\View.php(213): CodeIgniter\View\View->CodeIgniter\View\{closure}()
#2 C:\xampp\htdocs\rtpintar\system\Common.php(1089): CodeIgniter\View\View->render('warga_view', Array, true)
#3 C:\xampp\htdocs\rtpintar\app\Controllers\Warga.php(27): view('warga_view', Array)
#4 C:\xampp\htdocs\rtpintar\system\CodeIgniter.php(825): App\Controllers\Warga->index()
#5 C:\xampp\htdocs\rtpintar\system\CodeIgniter.php(412): CodeIgniter\CodeIgniter->runController(Object(App\Controllers\Warga))
#6 C:\xampp\htdocs\rtpintar\system\CodeIgniter.php(320): CodeIgniter\CodeIgniter->handleRequest(NULL, Object(Config\Cache), false)
#7 C:\xampp\htdocs\rtpintar\public\index.php(37): CodeIgniter\CodeIgniter->run()
#8 C:\xampp\htdocs\rtpintar\system\Commands\Server\rewrite.php(43): require_once('C:\\xampp\\htdocs...')
#9 {main}
CRITICAL - 2022-07-22 22:07:18 --> Invalid argument supplied for foreach()
#0 C:\xampp\htdocs\rtpintar\app\Views\warga_view.php(41): CodeIgniter\Debug\Exceptions->errorHandler(2, 'Invalid argumen...', 'C:\\xampp\\htdocs...', 41, Array)
#1 C:\xampp\htdocs\rtpintar\system\View\View.php(210): include('C:\\xampp\\htdocs...')
#2 C:\xampp\htdocs\rtpintar\system\View\View.php(213): CodeIgniter\View\View->CodeIgniter\View\{closure}()
#3 C:\xampp\htdocs\rtpintar\system\Common.php(1089): CodeIgniter\View\View->render('warga_view', Array, true)
#4 C:\xampp\htdocs\rtpintar\app\Controllers\Warga.php(55): view('warga_view', Array)
#5 C:\xampp\htdocs\rtpintar\system\CodeIgniter.php(825): App\Controllers\Warga->simpanwarga()
#6 C:\xampp\htdocs\rtpintar\system\CodeIgniter.php(412): CodeIgniter\CodeIgniter->runController(Object(App\Controllers\Warga))
#7 C:\xampp\htdocs\rtpintar\system\CodeIgniter.php(320): CodeIgniter\CodeIgniter->handleRequest(NULL, Object(Config\Cache), false)
#8 C:\xampp\htdocs\rtpintar\public\index.php(37): CodeIgniter\CodeIgniter->run()
#9 C:\xampp\htdocs\rtpintar\system\Commands\Server\rewrite.php(43): require_once('C:\\xampp\\htdocs...')
#10 {main}
CRITICAL - 2022-07-22 22:23:35 --> Call to a member function segment() on null
#0 C:\xampp\htdocs\rtpintar\system\CodeIgniter.php(825): App\Controllers\PengumumanWarga->view('1')
#1 C:\xampp\htdocs\rtpintar\system\CodeIgniter.php(412): CodeIgniter\CodeIgniter->runController(Object(App\Controllers\PengumumanWarga))
#2 C:\xampp\htdocs\rtpintar\system\CodeIgniter.php(320): CodeIgniter\CodeIgniter->handleRequest(NULL, Object(Config\Cache), false)
#3 C:\xampp\htdocs\rtpintar\public\index.php(37): CodeIgniter\CodeIgniter->run()
#4 C:\xampp\htdocs\rtpintar\system\Commands\Server\rewrite.php(43): require_once('C:\\xampp\\htdocs...')
#5 {main}
CRITICAL - 2022-07-22 22:23:43 --> Call to a member function segment() on null
#0 C:\xampp\htdocs\rtpintar\system\CodeIgniter.php(825): App\Controllers\PengumumanWarga->view('1')
#1 C:\xampp\htdocs\rtpintar\system\CodeIgniter.php(412): CodeIgniter\CodeIgniter->runController(Object(App\Controllers\PengumumanWarga))
#2 C:\xampp\htdocs\rtpintar\system\CodeIgniter.php(320): CodeIgniter\CodeIgniter->handleRequest(NULL, Object(Config\Cache), false)
#3 C:\xampp\htdocs\rtpintar\public\index.php(37): CodeIgniter\CodeIgniter->run()
#4 C:\xampp\htdocs\rtpintar\system\Commands\Server\rewrite.php(43): require_once('C:\\xampp\\htdocs...')
#5 {main}
CRITICAL - 2022-07-22 22:23:49 --> Call to a member function segment() on null
#0 C:\xampp\htdocs\rtpintar\system\CodeIgniter.php(825): App\Controllers\PengumumanWarga->view('1')
#1 C:\xampp\htdocs\rtpintar\system\CodeIgniter.php(412): CodeIgniter\CodeIgniter->runController(Object(App\Controllers\PengumumanWarga))
#2 C:\xampp\htdocs\rtpintar\system\CodeIgniter.php(320): CodeIgniter\CodeIgniter->handleRequest(NULL, Object(Config\Cache), false)
#3 C:\xampp\htdocs\rtpintar\public\index.php(37): CodeIgniter\CodeIgniter->run()
#4 C:\xampp\htdocs\rtpintar\system\Commands\Server\rewrite.php(43): require_once('C:\\xampp\\htdocs...')
#5 {main}
CRITICAL - 2022-07-22 22:23:50 --> Call to a member function segment() on null
#0 C:\xampp\htdocs\rtpintar\system\CodeIgniter.php(825): App\Controllers\PengumumanWarga->view('1')
#1 C:\xampp\htdocs\rtpintar\system\CodeIgniter.php(412): CodeIgniter\CodeIgniter->runController(Object(App\Controllers\PengumumanWarga))
#2 C:\xampp\htdocs\rtpintar\system\CodeIgniter.php(320): CodeIgniter\CodeIgniter->handleRequest(NULL, Object(Config\Cache), false)
#3 C:\xampp\htdocs\rtpintar\public\index.php(37): CodeIgniter\CodeIgniter->run()
#4 C:\xampp\htdocs\rtpintar\system\Commands\Server\rewrite.php(43): require_once('C:\\xampp\\htdocs...')
#5 {main}
CRITICAL - 2022-07-22 22:23:50 --> Call to a member function segment() on null
#0 C:\xampp\htdocs\rtpintar\system\CodeIgniter.php(825): App\Controllers\PengumumanWarga->view('1')
#1 C:\xampp\htdocs\rtpintar\system\CodeIgniter.php(412): CodeIgniter\CodeIgniter->runController(Object(App\Controllers\PengumumanWarga))
#2 C:\xampp\htdocs\rtpintar\system\CodeIgniter.php(320): CodeIgniter\CodeIgniter->handleRequest(NULL, Object(Config\Cache), false)
#3 C:\xampp\htdocs\rtpintar\public\index.php(37): CodeIgniter\CodeIgniter->run()
#4 C:\xampp\htdocs\rtpintar\system\Commands\Server\rewrite.php(43): require_once('C:\\xampp\\htdocs...')
#5 {main}
CRITICAL - 2022-07-22 22:23:56 --> Call to a member function segment() on null
#0 C:\xampp\htdocs\rtpintar\system\CodeIgniter.php(825): App\Controllers\PengumumanWarga->view('1')
#1 C:\xampp\htdocs\rtpintar\system\CodeIgniter.php(412): CodeIgniter\CodeIgniter->runController(Object(App\Controllers\PengumumanWarga))
#2 C:\xampp\htdocs\rtpintar\system\CodeIgniter.php(320): CodeIgniter\CodeIgniter->handleRequest(NULL, Object(Config\Cache), false)
#3 C:\xampp\htdocs\rtpintar\public\index.php(37): CodeIgniter\CodeIgniter->run()
#4 C:\xampp\htdocs\rtpintar\system\Commands\Server\rewrite.php(43): require_once('C:\\xampp\\htdocs...')
#5 {main}
CRITICAL - 2022-07-22 22:24:38 --> Call to a member function getSegment() on null
#0 C:\xampp\htdocs\rtpintar\system\CodeIgniter.php(825): App\Controllers\PengumumanWarga->view('1')
#1 C:\xampp\htdocs\rtpintar\system\CodeIgniter.php(412): CodeIgniter\CodeIgniter->runController(Object(App\Controllers\PengumumanWarga))
#2 C:\xampp\htdocs\rtpintar\system\CodeIgniter.php(320): CodeIgniter\CodeIgniter->handleRequest(NULL, Object(Config\Cache), false)
#3 C:\xampp\htdocs\rtpintar\public\index.php(37): CodeIgniter\CodeIgniter->run()
#4 C:\xampp\htdocs\rtpintar\system\Commands\Server\rewrite.php(43): require_once('C:\\xampp\\htdocs...')
#5 {main}
CRITICAL - 2022-07-22 22:28:08 --> Request URI segment is out of range: 2
#0 C:\xampp\htdocs\rtpintar\system\HTTP\URI.php(529): CodeIgniter\HTTP\Exceptions\HTTPException::forURISegmentOutOfRange(2)
#1 C:\xampp\htdocs\rtpintar\app\Controllers\PengumumanWarga.php(25): CodeIgniter\HTTP\URI->getSegment(2)
#2 C:\xampp\htdocs\rtpintar\system\CodeIgniter.php(825): App\Controllers\PengumumanWarga->view('1')
#3 C:\xampp\htdocs\rtpintar\system\CodeIgniter.php(412): CodeIgniter\CodeIgniter->runController(Object(App\Controllers\PengumumanWarga))
#4 C:\xampp\htdocs\rtpintar\system\CodeIgniter.php(320): CodeIgniter\CodeIgniter->handleRequest(NULL, Object(Config\Cache), false)
#5 C:\xampp\htdocs\rtpintar\public\index.php(37): CodeIgniter\CodeIgniter->run()
#6 C:\xampp\htdocs\rtpintar\system\Commands\Server\rewrite.php(43): require_once('C:\\xampp\\htdocs...')
#7 {main}
CRITICAL - 2022-07-22 22:28:13 --> Request URI segment is out of range: 1
#0 C:\xampp\htdocs\rtpintar\system\HTTP\URI.php(529): CodeIgniter\HTTP\Exceptions\HTTPException::forURISegmentOutOfRange(1)
#1 C:\xampp\htdocs\rtpintar\app\Controllers\PengumumanWarga.php(25): CodeIgniter\HTTP\URI->getSegment(1)
#2 C:\xampp\htdocs\rtpintar\system\CodeIgniter.php(825): App\Controllers\PengumumanWarga->view('1')
#3 C:\xampp\htdocs\rtpintar\system\CodeIgniter.php(412): CodeIgniter\CodeIgniter->runController(Object(App\Controllers\PengumumanWarga))
#4 C:\xampp\htdocs\rtpintar\system\CodeIgniter.php(320): CodeIgniter\CodeIgniter->handleRequest(NULL, Object(Config\Cache), false)
#5 C:\xampp\htdocs\rtpintar\public\index.php(37): CodeIgniter\CodeIgniter->run()
#6 C:\xampp\htdocs\rtpintar\system\Commands\Server\rewrite.php(43): require_once('C:\\xampp\\htdocs...')
#7 {main}
CRITICAL - 2022-07-22 22:28:15 --> Request URI segment is out of range: 1
#0 C:\xampp\htdocs\rtpintar\system\HTTP\URI.php(529): CodeIgniter\HTTP\Exceptions\HTTPException::forURISegmentOutOfRange(1)
#1 C:\xampp\htdocs\rtpintar\app\Controllers\PengumumanWarga.php(25): CodeIgniter\HTTP\URI->getSegment(1)
#2 C:\xampp\htdocs\rtpintar\system\CodeIgniter.php(825): App\Controllers\PengumumanWarga->view('1')
#3 C:\xampp\htdocs\rtpintar\system\CodeIgniter.php(412): CodeIgniter\CodeIgniter->runController(Object(App\Controllers\PengumumanWarga))
#4 C:\xampp\htdocs\rtpintar\system\CodeIgniter.php(320): CodeIgniter\CodeIgniter->handleRequest(NULL, Object(Config\Cache), false)
#5 C:\xampp\htdocs\rtpintar\public\index.php(37): CodeIgniter\CodeIgniter->run()
#6 C:\xampp\htdocs\rtpintar\system\Commands\Server\rewrite.php(43): require_once('C:\\xampp\\htdocs...')
#7 {main}
ERROR - 2022-07-22 23:39:00 --> Column 'isi_komentar' cannot be null
ERROR - 2022-07-22 23:40:09 --> Column 'isi_komentar' cannot be null
