CRITICAL - 2022-08-05 09:44:13 --> The framework needs the following extension(s) installed and loaded: intl.
#0 C:\xampp\htdocs\SIMRT\system\CodeIgniter.php(219): CodeIgniter\Exceptions\FrameworkException::forMissingExtension('intl')
#1 C:\xampp\htdocs\SIMRT\system\CodeIgniter.php(177): CodeIgniter\CodeIgniter->resolvePlatformExtensions()
#2 C:\xampp\htdocs\SIMRT\system\bootstrap.php(146): CodeIgniter\CodeIgniter->initialize()
#3 C:\xampp\htdocs\SIMRT\spark(45): require('C:\\xampp\\htdocs...')
#4 {main}
CRITICAL - 2022-08-05 02:51:17 --> Undefined variable $id_rt
#0 C:\xampp\htdocs\SIMRT\app\Views\layout\dashboard-layout-rt.php(74): CodeIgniter\Debug\Exceptions->errorHandler(2, 'Undefined varia...', 'C:\\xampp\\htdocs...', 74)
#1 C:\xampp\htdocs\SIMRT\system\View\View.php(210): include('C:\\xampp\\htdocs...')
#2 C:\xampp\htdocs\SIMRT\system\View\View.php(213): CodeIgniter\View\View->CodeIgniter\View\{closure}()
#3 C:\xampp\htdocs\SIMRT\system\View\View.php(226): CodeIgniter\View\View->render('layout/dashboar...', Array, true)
#4 C:\xampp\htdocs\SIMRT\system\Common.php(1089): CodeIgniter\View\View->render('konfirmasi_warg...', Array, true)
#5 C:\xampp\htdocs\SIMRT\app\Controllers\KonfirmasiWarga.php(27): view('konfirmasi_warg...', Array)
#6 C:\xampp\htdocs\SIMRT\system\CodeIgniter.php(825): App\Controllers\KonfirmasiWarga->index()
#7 C:\xampp\htdocs\SIMRT\system\CodeIgniter.php(412): CodeIgniter\CodeIgniter->runController(Object(App\Controllers\KonfirmasiWarga))
#8 C:\xampp\htdocs\SIMRT\system\CodeIgniter.php(320): CodeIgniter\CodeIgniter->handleRequest(NULL, Object(Config\Cache), false)
#9 C:\xampp\htdocs\SIMRT\public\index.php(37): CodeIgniter\CodeIgniter->run()
#10 C:\xampp\htdocs\SIMRT\system\Commands\Server\rewrite.php(43): require_once('C:\\xampp\\htdocs...')
#11 {main}
CRITICAL - 2022-08-05 02:51:49 --> Undefined variable $id_rt
#0 C:\xampp\htdocs\SIMRT\app\Views\layout\dashboard-layout-rt.php(74): CodeIgniter\Debug\Exceptions->errorHandler(2, 'Undefined varia...', 'C:\\xampp\\htdocs...', 74)
#1 C:\xampp\htdocs\SIMRT\system\View\View.php(210): include('C:\\xampp\\htdocs...')
#2 C:\xampp\htdocs\SIMRT\system\View\View.php(213): CodeIgniter\View\View->CodeIgniter\View\{closure}()
#3 C:\xampp\htdocs\SIMRT\system\View\View.php(226): CodeIgniter\View\View->render('layout/dashboar...', Array, true)
#4 C:\xampp\htdocs\SIMRT\system\Common.php(1089): CodeIgniter\View\View->render('warga_view', Array, true)
#5 C:\xampp\htdocs\SIMRT\app\Controllers\Warga.php(27): view('warga_view', Array)
#6 C:\xampp\htdocs\SIMRT\system\CodeIgniter.php(825): App\Controllers\Warga->index()
#7 C:\xampp\htdocs\SIMRT\system\CodeIgniter.php(412): CodeIgniter\CodeIgniter->runController(Object(App\Controllers\Warga))
#8 C:\xampp\htdocs\SIMRT\system\CodeIgniter.php(320): CodeIgniter\CodeIgniter->handleRequest(NULL, Object(Config\Cache), false)
#9 C:\xampp\htdocs\SIMRT\public\index.php(37): CodeIgniter\CodeIgniter->run()
#10 C:\xampp\htdocs\SIMRT\system\Commands\Server\rewrite.php(43): require_once('C:\\xampp\\htdocs...')
#11 {main}
CRITICAL - 2022-08-05 02:52:49 --> Undefined variable $id_rt
#0 C:\xampp\htdocs\SIMRT\app\Views\layout\dashboard-layout-rt.php(74): CodeIgniter\Debug\Exceptions->errorHandler(2, 'Undefined varia...', 'C:\\xampp\\htdocs...', 74)
#1 C:\xampp\htdocs\SIMRT\system\View\View.php(210): include('C:\\xampp\\htdocs...')
#2 C:\xampp\htdocs\SIMRT\system\View\View.php(213): CodeIgniter\View\View->CodeIgniter\View\{closure}()
#3 C:\xampp\htdocs\SIMRT\system\View\View.php(226): CodeIgniter\View\View->render('layout/dashboar...', Array, true)
#4 C:\xampp\htdocs\SIMRT\system\Common.php(1089): CodeIgniter\View\View->render('konfirmasi_warg...', Array, true)
#5 C:\xampp\htdocs\SIMRT\app\Controllers\KonfirmasiWarga.php(27): view('konfirmasi_warg...', Array)
#6 C:\xampp\htdocs\SIMRT\system\CodeIgniter.php(825): App\Controllers\KonfirmasiWarga->index()
#7 C:\xampp\htdocs\SIMRT\system\CodeIgniter.php(412): CodeIgniter\CodeIgniter->runController(Object(App\Controllers\KonfirmasiWarga))
#8 C:\xampp\htdocs\SIMRT\system\CodeIgniter.php(320): CodeIgniter\CodeIgniter->handleRequest(NULL, Object(Config\Cache), false)
#9 C:\xampp\htdocs\SIMRT\public\index.php(37): CodeIgniter\CodeIgniter->run()
#10 C:\xampp\htdocs\SIMRT\system\Commands\Server\rewrite.php(43): require_once('C:\\xampp\\htdocs...')
#11 {main}
CRITICAL - 2022-08-05 22:16:35 --> Undefined variable $role_warga
#0 C:\xampp\htdocs\SIMRT\app\Views\layout\dashboard-layout-warga.php(94): CodeIgniter\Debug\Exceptions->errorHandler(2, 'Undefined varia...', 'C:\\xampp\\htdocs...', 94)
#1 C:\xampp\htdocs\SIMRT\system\View\View.php(210): include('C:\\xampp\\htdocs...')
#2 C:\xampp\htdocs\SIMRT\system\View\View.php(213): CodeIgniter\View\View->CodeIgniter\View\{closure}()
#3 C:\xampp\htdocs\SIMRT\system\View\View.php(226): CodeIgniter\View\View->render('layout/dashboar...', Array, true)
#4 C:\xampp\htdocs\SIMRT\system\Common.php(1089): CodeIgniter\View\View->render('search_keuangan...', Array, true)
#5 C:\xampp\htdocs\SIMRT\app\Controllers\KeuanganWarga.php(72): view('search_keuangan...', Array)
#6 C:\xampp\htdocs\SIMRT\system\CodeIgniter.php(825): App\Controllers\KeuanganWarga->caridetailKeuangan()
#7 C:\xampp\htdocs\SIMRT\system\CodeIgniter.php(412): CodeIgniter\CodeIgniter->runController(Object(App\Controllers\KeuanganWarga))
#8 C:\xampp\htdocs\SIMRT\system\CodeIgniter.php(320): CodeIgniter\CodeIgniter->handleRequest(NULL, Object(Config\Cache), false)
#9 C:\xampp\htdocs\SIMRT\public\index.php(37): CodeIgniter\CodeIgniter->run()
#10 C:\xampp\htdocs\SIMRT\system\Commands\Server\rewrite.php(43): require_once('C:\\xampp\\htdocs...')
#11 {main}
