CRITICAL - 2022-03-11 00:15:20 --> Call to undefined function set_value()
#0 C:\xampp\htdocs\rtpintar\system\View\View.php(210): include()
#1 C:\xampp\htdocs\rtpintar\system\View\View.php(213): CodeIgniter\View\View->CodeIgniter\View\{closure}()
#2 C:\xampp\htdocs\rtpintar\system\Common.php(1089): CodeIgniter\View\View->render('admin_dashboard', Array, true)
#3 C:\xampp\htdocs\rtpintar\app\Controllers\AdminDashboard.php(11): view('admin_dashboard')
#4 C:\xampp\htdocs\rtpintar\system\CodeIgniter.php(825): App\Controllers\AdminDashboard->index()
#5 C:\xampp\htdocs\rtpintar\system\CodeIgniter.php(412): CodeIgniter\CodeIgniter->runController(Object(App\Controllers\AdminDashboard))
#6 C:\xampp\htdocs\rtpintar\system\CodeIgniter.php(320): CodeIgniter\CodeIgniter->handleRequest(NULL, Object(Config\Cache), false)
#7 C:\xampp\htdocs\rtpintar\public\index.php(37): CodeIgniter\CodeIgniter->run()
#8 C:\xampp\htdocs\rtpintar\system\Commands\Server\rewrite.php(43): require_once('C:\\xampp\\htdocs...')
#9 {main}
CRITICAL - 2022-03-11 00:15:35 --> Call to undefined function set_value()
#0 C:\xampp\htdocs\rtpintar\system\View\View.php(210): include()
#1 C:\xampp\htdocs\rtpintar\system\View\View.php(213): CodeIgniter\View\View->CodeIgniter\View\{closure}()
#2 C:\xampp\htdocs\rtpintar\system\Common.php(1089): CodeIgniter\View\View->render('admin_dashboard', Array, true)
#3 C:\xampp\htdocs\rtpintar\app\Controllers\AdminDashboard.php(11): view('admin_dashboard')
#4 C:\xampp\htdocs\rtpintar\system\CodeIgniter.php(825): App\Controllers\AdminDashboard->index()
#5 C:\xampp\htdocs\rtpintar\system\CodeIgniter.php(412): CodeIgniter\CodeIgniter->runController(Object(App\Controllers\AdminDashboard))
#6 C:\xampp\htdocs\rtpintar\system\CodeIgniter.php(320): CodeIgniter\CodeIgniter->handleRequest(NULL, Object(Config\Cache), false)
#7 C:\xampp\htdocs\rtpintar\public\index.php(37): CodeIgniter\CodeIgniter->run()
#8 C:\xampp\htdocs\rtpintar\system\Commands\Server\rewrite.php(43): require_once('C:\\xampp\\htdocs...')
#9 {main}
CRITICAL - 2022-03-11 00:16:08 --> Call to undefined function set_value()
#0 C:\xampp\htdocs\rtpintar\system\View\View.php(210): include()
#1 C:\xampp\htdocs\rtpintar\system\View\View.php(213): CodeIgniter\View\View->CodeIgniter\View\{closure}()
#2 C:\xampp\htdocs\rtpintar\system\Common.php(1089): CodeIgniter\View\View->render('admin_dashboard', Array, true)
#3 C:\xampp\htdocs\rtpintar\app\Controllers\AdminDashboard.php(11): view('admin_dashboard')
#4 C:\xampp\htdocs\rtpintar\system\CodeIgniter.php(825): App\Controllers\AdminDashboard->index()
#5 C:\xampp\htdocs\rtpintar\system\CodeIgniter.php(412): CodeIgniter\CodeIgniter->runController(Object(App\Controllers\AdminDashboard))
#6 C:\xampp\htdocs\rtpintar\system\CodeIgniter.php(320): CodeIgniter\CodeIgniter->handleRequest(NULL, Object(Config\Cache), false)
#7 C:\xampp\htdocs\rtpintar\public\index.php(37): CodeIgniter\CodeIgniter->run()
#8 C:\xampp\htdocs\rtpintar\system\Commands\Server\rewrite.php(43): require_once('C:\\xampp\\htdocs...')
#9 {main}
CRITICAL - 2022-03-11 00:16:13 --> Call to undefined function set_value()
#0 C:\xampp\htdocs\rtpintar\system\View\View.php(210): include()
#1 C:\xampp\htdocs\rtpintar\system\View\View.php(213): CodeIgniter\View\View->CodeIgniter\View\{closure}()
#2 C:\xampp\htdocs\rtpintar\system\Common.php(1089): CodeIgniter\View\View->render('admin_dashboard', Array, true)
#3 C:\xampp\htdocs\rtpintar\app\Controllers\AdminDashboard.php(11): view('admin_dashboard')
#4 C:\xampp\htdocs\rtpintar\system\CodeIgniter.php(825): App\Controllers\AdminDashboard->index()
#5 C:\xampp\htdocs\rtpintar\system\CodeIgniter.php(412): CodeIgniter\CodeIgniter->runController(Object(App\Controllers\AdminDashboard))
#6 C:\xampp\htdocs\rtpintar\system\CodeIgniter.php(320): CodeIgniter\CodeIgniter->handleRequest(NULL, Object(Config\Cache), false)
#7 C:\xampp\htdocs\rtpintar\public\index.php(37): CodeIgniter\CodeIgniter->run()
#8 C:\xampp\htdocs\rtpintar\system\Commands\Server\rewrite.php(43): require_once('C:\\xampp\\htdocs...')
#9 {main}
