CRITICAL - 2022-07-01 04:24:15 --> syntax error, unexpected '?>'
#0 C:\xampp\htdocs\rtpintar\system\View\View.php(213): CodeIgniter\View\View->CodeIgniter\View\{closure}()
#1 C:\xampp\htdocs\rtpintar\system\Common.php(1089): CodeIgniter\View\View->render('search_keuangan...', Array, true)
#2 C:\xampp\htdocs\rtpintar\app\Controllers\Keuangan.php(198): view('search_keuangan...', Array)
#3 C:\xampp\htdocs\rtpintar\system\CodeIgniter.php(825): App\Controllers\Keuangan->carikeuangan()
#4 C:\xampp\htdocs\rtpintar\system\CodeIgniter.php(412): CodeIgniter\CodeIgniter->runController(Object(App\Controllers\Keuangan))
#5 C:\xampp\htdocs\rtpintar\system\CodeIgniter.php(320): CodeIgniter\CodeIgniter->handleRequest(NULL, Object(Config\Cache), false)
#6 C:\xampp\htdocs\rtpintar\public\index.php(37): CodeIgniter\CodeIgniter->run()
#7 C:\xampp\htdocs\rtpintar\system\Commands\Server\rewrite.php(43): require_once('C:\\xampp\\htdocs...')
#8 {main}
ERROR - 2022-07-01 05:24:42 --> You have an error in your SQL syntax; check the manual that corresponds to your MariaDB server version for the right syntax to use near 'IS NULL
AND `tanggal` < IS NULL
 LIMIT 1' at line 5
CRITICAL - 2022-07-01 05:24:42 --> Call to a member function getFirstRow() on bool
#0 C:\xampp\htdocs\rtpintar\system\BaseModel.php(622): CodeIgniter\Model->doFirst()
#1 C:\xampp\htdocs\rtpintar\app\Controllers\Keuangan.php(192): CodeIgniter\BaseModel->first()
#2 C:\xampp\htdocs\rtpintar\system\CodeIgniter.php(825): App\Controllers\Keuangan->carikeuangan()
#3 C:\xampp\htdocs\rtpintar\system\CodeIgniter.php(412): CodeIgniter\CodeIgniter->runController(Object(App\Controllers\Keuangan))
#4 C:\xampp\htdocs\rtpintar\system\CodeIgniter.php(320): CodeIgniter\CodeIgniter->handleRequest(NULL, Object(Config\Cache), false)
#5 C:\xampp\htdocs\rtpintar\public\index.php(37): CodeIgniter\CodeIgniter->run()
#6 C:\xampp\htdocs\rtpintar\system\Commands\Server\rewrite.php(43): require_once('C:\\xampp\\htdocs...')
#7 {main}
