CRITICAL - 2022-06-06 03:42:28 --> Undefined variable: data
#0 C:\xampp\htdocs\rtpintar\app\Controllers\Warga.php(203): CodeIgniter\Debug\Exceptions->errorHandler(8, 'Undefined varia...', 'C:\\xampp\\htdocs...', 203, Array)
#1 C:\xampp\htdocs\rtpintar\system\CodeIgniter.php(825): App\Controllers\Warga->editwarga()
#2 C:\xampp\htdocs\rtpintar\system\CodeIgniter.php(412): CodeIgniter\CodeIgniter->runController(Object(App\Controllers\Warga))
#3 C:\xampp\htdocs\rtpintar\system\CodeIgniter.php(320): CodeIgniter\CodeIgniter->handleRequest(NULL, Object(Config\Cache), false)
#4 C:\xampp\htdocs\rtpintar\public\index.php(37): CodeIgniter\CodeIgniter->run()
#5 C:\xampp\htdocs\rtpintar\system\Commands\Server\rewrite.php(43): require_once('C:\\xampp\\htdocs...')
#6 {main}
CRITICAL - 2022-06-06 03:43:30 --> Undefined variable: data
#0 C:\xampp\htdocs\rtpintar\app\Controllers\Warga.php(203): CodeIgniter\Debug\Exceptions->errorHandler(8, 'Undefined varia...', 'C:\\xampp\\htdocs...', 203, Array)
#1 C:\xampp\htdocs\rtpintar\system\CodeIgniter.php(825): App\Controllers\Warga->editwarga()
#2 C:\xampp\htdocs\rtpintar\system\CodeIgniter.php(412): CodeIgniter\CodeIgniter->runController(Object(App\Controllers\Warga))
#3 C:\xampp\htdocs\rtpintar\system\CodeIgniter.php(320): CodeIgniter\CodeIgniter->handleRequest(NULL, Object(Config\Cache), false)
#4 C:\xampp\htdocs\rtpintar\public\index.php(37): CodeIgniter\CodeIgniter->run()
#5 C:\xampp\htdocs\rtpintar\system\Commands\Server\rewrite.php(43): require_once('C:\\xampp\\htdocs...')
#6 {main}
CRITICAL - 2022-06-06 03:47:26 --> Undefined variable: data
#0 C:\xampp\htdocs\rtpintar\app\Controllers\Warga.php(203): CodeIgniter\Debug\Exceptions->errorHandler(8, 'Undefined varia...', 'C:\\xampp\\htdocs...', 203, Array)
#1 C:\xampp\htdocs\rtpintar\system\CodeIgniter.php(825): App\Controllers\Warga->editwarga()
#2 C:\xampp\htdocs\rtpintar\system\CodeIgniter.php(412): CodeIgniter\CodeIgniter->runController(Object(App\Controllers\Warga))
#3 C:\xampp\htdocs\rtpintar\system\CodeIgniter.php(320): CodeIgniter\CodeIgniter->handleRequest(NULL, Object(Config\Cache), false)
#4 C:\xampp\htdocs\rtpintar\public\index.php(37): CodeIgniter\CodeIgniter->run()
#5 C:\xampp\htdocs\rtpintar\system\Commands\Server\rewrite.php(43): require_once('C:\\xampp\\htdocs...')
#6 {main}
CRITICAL - 2022-06-06 03:48:56 --> unlink(../public/upload/ktp/): Is a directory
#0 [internal function]: CodeIgniter\Debug\Exceptions->errorHandler(2, 'unlink(../publi...', 'C:\\xampp\\htdocs...', 153, Array)
#1 C:\xampp\htdocs\rtpintar\app\Controllers\Warga.php(153): unlink('../public/uploa...')
#2 C:\xampp\htdocs\rtpintar\system\CodeIgniter.php(825): App\Controllers\Warga->editwarga()
#3 C:\xampp\htdocs\rtpintar\system\CodeIgniter.php(412): CodeIgniter\CodeIgniter->runController(Object(App\Controllers\Warga))
#4 C:\xampp\htdocs\rtpintar\system\CodeIgniter.php(320): CodeIgniter\CodeIgniter->handleRequest(NULL, Object(Config\Cache), false)
#5 C:\xampp\htdocs\rtpintar\public\index.php(37): CodeIgniter\CodeIgniter->run()
#6 C:\xampp\htdocs\rtpintar\system\Commands\Server\rewrite.php(43): require_once('C:\\xampp\\htdocs...')
#7 {main}
CRITICAL - 2022-06-06 03:53:38 --> unlink() expects parameter 2 to be resource, string given
#0 [internal function]: CodeIgniter\Debug\Exceptions->errorHandler(2, 'unlink() expect...', 'C:\\xampp\\htdocs...', 153, Array)
#1 C:\xampp\htdocs\rtpintar\app\Controllers\Warga.php(153): unlink('../public/uploa...', '')
#2 C:\xampp\htdocs\rtpintar\system\CodeIgniter.php(825): App\Controllers\Warga->editwarga()
#3 C:\xampp\htdocs\rtpintar\system\CodeIgniter.php(412): CodeIgniter\CodeIgniter->runController(Object(App\Controllers\Warga))
#4 C:\xampp\htdocs\rtpintar\system\CodeIgniter.php(320): CodeIgniter\CodeIgniter->handleRequest(NULL, Object(Config\Cache), false)
#5 C:\xampp\htdocs\rtpintar\public\index.php(37): CodeIgniter\CodeIgniter->run()
#6 C:\xampp\htdocs\rtpintar\system\Commands\Server\rewrite.php(43): require_once('C:\\xampp\\htdocs...')
#7 {main}
CRITICAL - 2022-06-06 03:55:47 --> unlink(./public/upload/ktp/): No such file or directory
#0 [internal function]: CodeIgniter\Debug\Exceptions->errorHandler(2, 'unlink(./public...', 'C:\\xampp\\htdocs...', 154, Array)
#1 C:\xampp\htdocs\rtpintar\app\Controllers\Warga.php(154): unlink('./public/upload...')
#2 C:\xampp\htdocs\rtpintar\system\CodeIgniter.php(825): App\Controllers\Warga->editwarga()
#3 C:\xampp\htdocs\rtpintar\system\CodeIgniter.php(412): CodeIgniter\CodeIgniter->runController(Object(App\Controllers\Warga))
#4 C:\xampp\htdocs\rtpintar\system\CodeIgniter.php(320): CodeIgniter\CodeIgniter->handleRequest(NULL, Object(Config\Cache), false)
#5 C:\xampp\htdocs\rtpintar\public\index.php(37): CodeIgniter\CodeIgniter->run()
#6 C:\xampp\htdocs\rtpintar\system\Commands\Server\rewrite.php(43): require_once('C:\\xampp\\htdocs...')
#7 {main}
CRITICAL - 2022-06-06 03:56:16 --> unlink(../public/upload/ktp/): Is a directory
#0 [internal function]: CodeIgniter\Debug\Exceptions->errorHandler(2, 'unlink(../publi...', 'C:\\xampp\\htdocs...', 154, Array)
#1 C:\xampp\htdocs\rtpintar\app\Controllers\Warga.php(154): unlink('../public/uploa...')
#2 C:\xampp\htdocs\rtpintar\system\CodeIgniter.php(825): App\Controllers\Warga->editwarga()
#3 C:\xampp\htdocs\rtpintar\system\CodeIgniter.php(412): CodeIgniter\CodeIgniter->runController(Object(App\Controllers\Warga))
#4 C:\xampp\htdocs\rtpintar\system\CodeIgniter.php(320): CodeIgniter\CodeIgniter->handleRequest(NULL, Object(Config\Cache), false)
#5 C:\xampp\htdocs\rtpintar\public\index.php(37): CodeIgniter\CodeIgniter->run()
#6 C:\xampp\htdocs\rtpintar\system\Commands\Server\rewrite.php(43): require_once('C:\\xampp\\htdocs...')
#7 {main}
CRITICAL - 2022-06-06 03:58:09 --> unlink(../public/upload/ktp/): Is a directory
#0 [internal function]: CodeIgniter\Debug\Exceptions->errorHandler(2, 'unlink(../publi...', 'C:\\xampp\\htdocs...', 154, Array)
#1 C:\xampp\htdocs\rtpintar\app\Controllers\Warga.php(154): unlink('../public/uploa...')
#2 C:\xampp\htdocs\rtpintar\system\CodeIgniter.php(825): App\Controllers\Warga->editwarga()
#3 C:\xampp\htdocs\rtpintar\system\CodeIgniter.php(412): CodeIgniter\CodeIgniter->runController(Object(App\Controllers\Warga))
#4 C:\xampp\htdocs\rtpintar\system\CodeIgniter.php(320): CodeIgniter\CodeIgniter->handleRequest(NULL, Object(Config\Cache), false)
#5 C:\xampp\htdocs\rtpintar\public\index.php(37): CodeIgniter\CodeIgniter->run()
#6 C:\xampp\htdocs\rtpintar\system\Commands\Server\rewrite.php(43): require_once('C:\\xampp\\htdocs...')
#7 {main}
CRITICAL - 2022-06-06 04:00:08 --> unlink(../public/upload/ktp/): Is a directory
#0 [internal function]: CodeIgniter\Debug\Exceptions->errorHandler(2, 'unlink(../publi...', 'C:\\xampp\\htdocs...', 154, Array)
#1 C:\xampp\htdocs\rtpintar\app\Controllers\Warga.php(154): unlink('../public/uploa...')
#2 C:\xampp\htdocs\rtpintar\system\CodeIgniter.php(825): App\Controllers\Warga->editwarga()
#3 C:\xampp\htdocs\rtpintar\system\CodeIgniter.php(412): CodeIgniter\CodeIgniter->runController(Object(App\Controllers\Warga))
#4 C:\xampp\htdocs\rtpintar\system\CodeIgniter.php(320): CodeIgniter\CodeIgniter->handleRequest(NULL, Object(Config\Cache), false)
#5 C:\xampp\htdocs\rtpintar\public\index.php(37): CodeIgniter\CodeIgniter->run()
#6 C:\xampp\htdocs\rtpintar\system\Commands\Server\rewrite.php(43): require_once('C:\\xampp\\htdocs...')
#7 {main}
CRITICAL - 2022-06-06 04:02:50 --> unlink(../public/upload/ktp/): Is a directory
#0 [internal function]: CodeIgniter\Debug\Exceptions->errorHandler(2, 'unlink(../publi...', 'C:\\xampp\\htdocs...', 153, Array)
#1 C:\xampp\htdocs\rtpintar\app\Controllers\Warga.php(153): unlink('../public/uploa...')
#2 C:\xampp\htdocs\rtpintar\system\CodeIgniter.php(825): App\Controllers\Warga->editwarga()
#3 C:\xampp\htdocs\rtpintar\system\CodeIgniter.php(412): CodeIgniter\CodeIgniter->runController(Object(App\Controllers\Warga))
#4 C:\xampp\htdocs\rtpintar\system\CodeIgniter.php(320): CodeIgniter\CodeIgniter->handleRequest(NULL, Object(Config\Cache), false)
#5 C:\xampp\htdocs\rtpintar\public\index.php(37): CodeIgniter\CodeIgniter->run()
#6 C:\xampp\htdocs\rtpintar\system\Commands\Server\rewrite.php(43): require_once('C:\\xampp\\htdocs...')
#7 {main}
CRITICAL - 2022-06-06 04:09:43 --> unlink(../public/upload/ktp/): Is a directory
#0 [internal function]: CodeIgniter\Debug\Exceptions->errorHandler(2, 'unlink(../publi...', 'C:\\xampp\\htdocs...', 153, Array)
#1 C:\xampp\htdocs\rtpintar\app\Controllers\Warga.php(153): unlink('../public/uploa...')
#2 C:\xampp\htdocs\rtpintar\system\CodeIgniter.php(825): App\Controllers\Warga->editwarga()
#3 C:\xampp\htdocs\rtpintar\system\CodeIgniter.php(412): CodeIgniter\CodeIgniter->runController(Object(App\Controllers\Warga))
#4 C:\xampp\htdocs\rtpintar\system\CodeIgniter.php(320): CodeIgniter\CodeIgniter->handleRequest(NULL, Object(Config\Cache), false)
#5 C:\xampp\htdocs\rtpintar\public\index.php(37): CodeIgniter\CodeIgniter->run()
#6 C:\xampp\htdocs\rtpintar\system\Commands\Server\rewrite.php(43): require_once('C:\\xampp\\htdocs...')
#7 {main}
CRITICAL - 2022-06-06 04:18:16 --> unlink(../public/upload/ktp/): Is a directory
#0 [internal function]: CodeIgniter\Debug\Exceptions->errorHandler(2, 'unlink(../publi...', 'C:\\xampp\\htdocs...', 155, Array)
#1 C:\xampp\htdocs\rtpintar\app\Controllers\Warga.php(155): unlink('../public/uploa...')
#2 C:\xampp\htdocs\rtpintar\system\CodeIgniter.php(825): App\Controllers\Warga->editwarga()
#3 C:\xampp\htdocs\rtpintar\system\CodeIgniter.php(412): CodeIgniter\CodeIgniter->runController(Object(App\Controllers\Warga))
#4 C:\xampp\htdocs\rtpintar\system\CodeIgniter.php(320): CodeIgniter\CodeIgniter->handleRequest(NULL, Object(Config\Cache), false)
#5 C:\xampp\htdocs\rtpintar\public\index.php(37): CodeIgniter\CodeIgniter->run()
#6 C:\xampp\htdocs\rtpintar\system\Commands\Server\rewrite.php(43): require_once('C:\\xampp\\htdocs...')
#7 {main}
CRITICAL - 2022-06-06 04:21:53 --> unlink(): Invalid argument
#0 [internal function]: CodeIgniter\Debug\Exceptions->errorHandler(2, 'unlink(): Inval...', 'C:\\xampp\\htdocs...', 154, Array)
#1 C:\xampp\htdocs\rtpintar\app\Controllers\Warga.php(154): unlink('')
#2 C:\xampp\htdocs\rtpintar\system\CodeIgniter.php(825): App\Controllers\Warga->editwarga()
#3 C:\xampp\htdocs\rtpintar\system\CodeIgniter.php(412): CodeIgniter\CodeIgniter->runController(Object(App\Controllers\Warga))
#4 C:\xampp\htdocs\rtpintar\system\CodeIgniter.php(320): CodeIgniter\CodeIgniter->handleRequest(NULL, Object(Config\Cache), false)
#5 C:\xampp\htdocs\rtpintar\public\index.php(37): CodeIgniter\CodeIgniter->run()
#6 C:\xampp\htdocs\rtpintar\system\Commands\Server\rewrite.php(43): require_once('C:\\xampp\\htdocs...')
#7 {main}
CRITICAL - 2022-06-06 04:28:31 --> unlink(): Invalid argument
#0 [internal function]: CodeIgniter\Debug\Exceptions->errorHandler(2, 'unlink(): Inval...', 'C:\\xampp\\htdocs...', 154, Array)
#1 C:\xampp\htdocs\rtpintar\app\Controllers\Warga.php(154): unlink('')
#2 C:\xampp\htdocs\rtpintar\system\CodeIgniter.php(825): App\Controllers\Warga->editwarga()
#3 C:\xampp\htdocs\rtpintar\system\CodeIgniter.php(412): CodeIgniter\CodeIgniter->runController(Object(App\Controllers\Warga))
#4 C:\xampp\htdocs\rtpintar\system\CodeIgniter.php(320): CodeIgniter\CodeIgniter->handleRequest(NULL, Object(Config\Cache), false)
#5 C:\xampp\htdocs\rtpintar\public\index.php(37): CodeIgniter\CodeIgniter->run()
#6 C:\xampp\htdocs\rtpintar\system\Commands\Server\rewrite.php(43): require_once('C:\\xampp\\htdocs...')
#7 {main}
CRITICAL - 2022-06-06 04:31:05 --> Undefined variable: data
#0 C:\xampp\htdocs\rtpintar\app\Controllers\Warga.php(193): CodeIgniter\Debug\Exceptions->errorHandler(8, 'Undefined varia...', 'C:\\xampp\\htdocs...', 193, Array)
#1 C:\xampp\htdocs\rtpintar\system\CodeIgniter.php(825): App\Controllers\Warga->editwarga()
#2 C:\xampp\htdocs\rtpintar\system\CodeIgniter.php(412): CodeIgniter\CodeIgniter->runController(Object(App\Controllers\Warga))
#3 C:\xampp\htdocs\rtpintar\system\CodeIgniter.php(320): CodeIgniter\CodeIgniter->handleRequest(NULL, Object(Config\Cache), false)
#4 C:\xampp\htdocs\rtpintar\public\index.php(37): CodeIgniter\CodeIgniter->run()
#5 C:\xampp\htdocs\rtpintar\system\Commands\Server\rewrite.php(43): require_once('C:\\xampp\\htdocs...')
#6 {main}
CRITICAL - 2022-06-06 05:11:05 --> Undefined variable: data
#0 C:\xampp\htdocs\rtpintar\app\Controllers\Warga.php(193): CodeIgniter\Debug\Exceptions->errorHandler(8, 'Undefined varia...', 'C:\\xampp\\htdocs...', 193, Array)
#1 C:\xampp\htdocs\rtpintar\system\CodeIgniter.php(825): App\Controllers\Warga->editwarga()
#2 C:\xampp\htdocs\rtpintar\system\CodeIgniter.php(412): CodeIgniter\CodeIgniter->runController(Object(App\Controllers\Warga))
#3 C:\xampp\htdocs\rtpintar\system\CodeIgniter.php(320): CodeIgniter\CodeIgniter->handleRequest(NULL, Object(Config\Cache), false)
#4 C:\xampp\htdocs\rtpintar\public\index.php(37): CodeIgniter\CodeIgniter->run()
#5 C:\xampp\htdocs\rtpintar\system\Commands\Server\rewrite.php(43): require_once('C:\\xampp\\htdocs...')
#6 {main}
CRITICAL - 2022-06-06 07:11:38 --> Undefined variable: namafilektp
#0 C:\xampp\htdocs\rtpintar\app\Controllers\Warga.php(187): CodeIgniter\Debug\Exceptions->errorHandler(8, 'Undefined varia...', 'C:\\xampp\\htdocs...', 187, Array)
#1 C:\xampp\htdocs\rtpintar\system\CodeIgniter.php(825): App\Controllers\Warga->editwarga()
#2 C:\xampp\htdocs\rtpintar\system\CodeIgniter.php(412): CodeIgniter\CodeIgniter->runController(Object(App\Controllers\Warga))
#3 C:\xampp\htdocs\rtpintar\system\CodeIgniter.php(320): CodeIgniter\CodeIgniter->handleRequest(NULL, Object(Config\Cache), false)
#4 C:\xampp\htdocs\rtpintar\public\index.php(37): CodeIgniter\CodeIgniter->run()
#5 C:\xampp\htdocs\rtpintar\system\Commands\Server\rewrite.php(43): require_once('C:\\xampp\\htdocs...')
#6 {main}
CRITICAL - 2022-06-06 07:12:06 --> unlink(../public/upload/kk/1654511149_309edccc3ebebcf26ac3.jpg): No such file or directory
#0 [internal function]: CodeIgniter\Debug\Exceptions->errorHandler(2, 'unlink(../publi...', 'C:\\xampp\\htdocs...', 186, Array)
#1 C:\xampp\htdocs\rtpintar\app\Controllers\Warga.php(186): unlink('../public/uploa...')
#2 C:\xampp\htdocs\rtpintar\system\CodeIgniter.php(825): App\Controllers\Warga->editwarga()
#3 C:\xampp\htdocs\rtpintar\system\CodeIgniter.php(412): CodeIgniter\CodeIgniter->runController(Object(App\Controllers\Warga))
#4 C:\xampp\htdocs\rtpintar\system\CodeIgniter.php(320): CodeIgniter\CodeIgniter->handleRequest(NULL, Object(Config\Cache), false)
#5 C:\xampp\htdocs\rtpintar\public\index.php(37): CodeIgniter\CodeIgniter->run()
#6 C:\xampp\htdocs\rtpintar\system\Commands\Server\rewrite.php(43): require_once('C:\\xampp\\htdocs...')
#7 {main}
CRITICAL - 2022-06-06 07:29:36 --> unlink(../public/upload/ktp/1654517657_7c72a0971321918a9b76.jpg): No such file or directory
#0 [internal function]: CodeIgniter\Debug\Exceptions->errorHandler(2, 'unlink(../publi...', 'C:\\xampp\\htdocs...', 252, Array)
#1 C:\xampp\htdocs\rtpintar\app\Controllers\Warga.php(252): unlink('../public/uploa...')
#2 C:\xampp\htdocs\rtpintar\system\CodeIgniter.php(825): App\Controllers\Warga->editwarga()
#3 C:\xampp\htdocs\rtpintar\system\CodeIgniter.php(412): CodeIgniter\CodeIgniter->runController(Object(App\Controllers\Warga))
#4 C:\xampp\htdocs\rtpintar\system\CodeIgniter.php(320): CodeIgniter\CodeIgniter->handleRequest(NULL, Object(Config\Cache), false)
#5 C:\xampp\htdocs\rtpintar\public\index.php(37): CodeIgniter\CodeIgniter->run()
#6 C:\xampp\htdocs\rtpintar\system\Commands\Server\rewrite.php(43): require_once('C:\\xampp\\htdocs...')
#7 {main}
CRITICAL - 2022-06-06 07:30:51 --> unlink(../public/upload/kk/1654517657_7c72a0971321918a9b76.jpg): No such file or directory
#0 [internal function]: CodeIgniter\Debug\Exceptions->errorHandler(2, 'unlink(../publi...', 'C:\\xampp\\htdocs...', 186, Array)
#1 C:\xampp\htdocs\rtpintar\app\Controllers\Warga.php(186): unlink('../public/uploa...')
#2 C:\xampp\htdocs\rtpintar\system\CodeIgniter.php(825): App\Controllers\Warga->editwarga()
#3 C:\xampp\htdocs\rtpintar\system\CodeIgniter.php(412): CodeIgniter\CodeIgniter->runController(Object(App\Controllers\Warga))
#4 C:\xampp\htdocs\rtpintar\system\CodeIgniter.php(320): CodeIgniter\CodeIgniter->handleRequest(NULL, Object(Config\Cache), false)
#5 C:\xampp\htdocs\rtpintar\public\index.php(37): CodeIgniter\CodeIgniter->run()
#6 C:\xampp\htdocs\rtpintar\system\Commands\Server\rewrite.php(43): require_once('C:\\xampp\\htdocs...')
#7 {main}
CRITICAL - 2022-06-06 07:35:02 --> unlink(../public/upload/ktp/1654518845_668612abddb1af39605e.jpg): No such file or directory
#0 [internal function]: CodeIgniter\Debug\Exceptions->errorHandler(2, 'unlink(../publi...', 'C:\\xampp\\htdocs...', 252, Array)
#1 C:\xampp\htdocs\rtpintar\app\Controllers\Warga.php(252): unlink('../public/uploa...')
#2 C:\xampp\htdocs\rtpintar\system\CodeIgniter.php(825): App\Controllers\Warga->editwarga()
#3 C:\xampp\htdocs\rtpintar\system\CodeIgniter.php(412): CodeIgniter\CodeIgniter->runController(Object(App\Controllers\Warga))
#4 C:\xampp\htdocs\rtpintar\system\CodeIgniter.php(320): CodeIgniter\CodeIgniter->handleRequest(NULL, Object(Config\Cache), false)
#5 C:\xampp\htdocs\rtpintar\public\index.php(37): CodeIgniter\CodeIgniter->run()
#6 C:\xampp\htdocs\rtpintar\system\Commands\Server\rewrite.php(43): require_once('C:\\xampp\\htdocs...')
#7 {main}
