ERROR - 2022-04-03 17:27:44 --> Duplicate entry '0' for key 'PRIMARY'
CRITICAL - 2022-04-03 17:27:44 --> Duplicate entry '0' for key 'PRIMARY'
#0 C:\xampp\htdocs\rtpintar\system\Database\MySQLi\Connection.php(292): mysqli->query('INSERT INTO `de...', 0)
#1 C:\xampp\htdocs\rtpintar\system\Database\BaseConnection.php(670): CodeIgniter\Database\MySQLi\Connection->execute('INSERT INTO `de...')
#2 C:\xampp\htdocs\rtpintar\system\Database\BaseConnection.php(598): CodeIgniter\Database\BaseConnection->simpleQuery('INSERT INTO `de...')
#3 C:\xampp\htdocs\rtpintar\system\Database\BaseBuilder.php(1771): CodeIgniter\Database\BaseConnection->query('INSERT INTO `de...', Array, false)
#4 C:\xampp\htdocs\rtpintar\system\Model.php(239): CodeIgniter\Database\BaseBuilder->insert()
#5 C:\xampp\htdocs\rtpintar\system\BaseModel.php(738): CodeIgniter\Model->doInsert(Array)
#6 C:\xampp\htdocs\rtpintar\system\Model.php(625): CodeIgniter\BaseModel->insert(Array, true)
#7 C:\xampp\htdocs\rtpintar\app\Controllers\Desa.php(102): CodeIgniter\Model->insert(Array)
#8 C:\xampp\htdocs\rtpintar\system\CodeIgniter.php(825): App\Controllers\Desa->add()
#9 C:\xampp\htdocs\rtpintar\system\CodeIgniter.php(412): CodeIgniter\CodeIgniter->runController(Object(App\Controllers\Desa))
#10 C:\xampp\htdocs\rtpintar\system\CodeIgniter.php(320): CodeIgniter\CodeIgniter->handleRequest(NULL, Object(Config\Cache), false)
#11 C:\xampp\htdocs\rtpintar\public\index.php(37): CodeIgniter\CodeIgniter->run()
#12 C:\xampp\htdocs\rtpintar\system\Commands\Server\rewrite.php(43): require_once('C:\\xampp\\htdocs...')
#13 {main}
ERROR - 2022-04-03 17:28:43 --> Duplicate entry '0' for key 'PRIMARY'
CRITICAL - 2022-04-03 17:28:43 --> Duplicate entry '0' for key 'PRIMARY'
#0 C:\xampp\htdocs\rtpintar\system\Database\MySQLi\Connection.php(292): mysqli->query('INSERT INTO `de...', 0)
#1 C:\xampp\htdocs\rtpintar\system\Database\BaseConnection.php(670): CodeIgniter\Database\MySQLi\Connection->execute('INSERT INTO `de...')
#2 C:\xampp\htdocs\rtpintar\system\Database\BaseConnection.php(598): CodeIgniter\Database\BaseConnection->simpleQuery('INSERT INTO `de...')
#3 C:\xampp\htdocs\rtpintar\system\Database\BaseBuilder.php(1771): CodeIgniter\Database\BaseConnection->query('INSERT INTO `de...', Array, false)
#4 C:\xampp\htdocs\rtpintar\system\Model.php(239): CodeIgniter\Database\BaseBuilder->insert()
#5 C:\xampp\htdocs\rtpintar\system\BaseModel.php(738): CodeIgniter\Model->doInsert(Array)
#6 C:\xampp\htdocs\rtpintar\system\Model.php(625): CodeIgniter\BaseModel->insert(Array, true)
#7 C:\xampp\htdocs\rtpintar\app\Controllers\Desa.php(102): CodeIgniter\Model->insert(Array)
#8 C:\xampp\htdocs\rtpintar\system\CodeIgniter.php(825): App\Controllers\Desa->add()
#9 C:\xampp\htdocs\rtpintar\system\CodeIgniter.php(412): CodeIgniter\CodeIgniter->runController(Object(App\Controllers\Desa))
#10 C:\xampp\htdocs\rtpintar\system\CodeIgniter.php(320): CodeIgniter\CodeIgniter->handleRequest(NULL, Object(Config\Cache), false)
#11 C:\xampp\htdocs\rtpintar\public\index.php(37): CodeIgniter\CodeIgniter->run()
#12 C:\xampp\htdocs\rtpintar\system\Commands\Server\rewrite.php(43): require_once('C:\\xampp\\htdocs...')
#13 {main}
ERROR - 2022-04-03 17:29:03 --> Duplicate entry '0' for key 'PRIMARY'
CRITICAL - 2022-04-03 17:29:03 --> Duplicate entry '0' for key 'PRIMARY'
#0 C:\xampp\htdocs\rtpintar\system\Database\MySQLi\Connection.php(292): mysqli->query('INSERT INTO `de...', 0)
#1 C:\xampp\htdocs\rtpintar\system\Database\BaseConnection.php(670): CodeIgniter\Database\MySQLi\Connection->execute('INSERT INTO `de...')
#2 C:\xampp\htdocs\rtpintar\system\Database\BaseConnection.php(598): CodeIgniter\Database\BaseConnection->simpleQuery('INSERT INTO `de...')
#3 C:\xampp\htdocs\rtpintar\system\Database\BaseBuilder.php(1771): CodeIgniter\Database\BaseConnection->query('INSERT INTO `de...', Array, false)
#4 C:\xampp\htdocs\rtpintar\system\Model.php(239): CodeIgniter\Database\BaseBuilder->insert()
#5 C:\xampp\htdocs\rtpintar\system\BaseModel.php(738): CodeIgniter\Model->doInsert(Array)
#6 C:\xampp\htdocs\rtpintar\system\Model.php(625): CodeIgniter\BaseModel->insert(Array, true)
#7 C:\xampp\htdocs\rtpintar\app\Controllers\Desa.php(102): CodeIgniter\Model->insert(Array)
#8 C:\xampp\htdocs\rtpintar\system\CodeIgniter.php(825): App\Controllers\Desa->add()
#9 C:\xampp\htdocs\rtpintar\system\CodeIgniter.php(412): CodeIgniter\CodeIgniter->runController(Object(App\Controllers\Desa))
#10 C:\xampp\htdocs\rtpintar\system\CodeIgniter.php(320): CodeIgniter\CodeIgniter->handleRequest(NULL, Object(Config\Cache), false)
#11 C:\xampp\htdocs\rtpintar\public\index.php(37): CodeIgniter\CodeIgniter->run()
#12 C:\xampp\htdocs\rtpintar\system\Commands\Server\rewrite.php(43): require_once('C:\\xampp\\htdocs...')
#13 {main}
ERROR - 2022-04-03 17:29:19 --> Duplicate entry '0' for key 'PRIMARY'
CRITICAL - 2022-04-03 17:29:19 --> Duplicate entry '0' for key 'PRIMARY'
#0 C:\xampp\htdocs\rtpintar\system\Database\MySQLi\Connection.php(292): mysqli->query('INSERT INTO `de...', 0)
#1 C:\xampp\htdocs\rtpintar\system\Database\BaseConnection.php(670): CodeIgniter\Database\MySQLi\Connection->execute('INSERT INTO `de...')
#2 C:\xampp\htdocs\rtpintar\system\Database\BaseConnection.php(598): CodeIgniter\Database\BaseConnection->simpleQuery('INSERT INTO `de...')
#3 C:\xampp\htdocs\rtpintar\system\Database\BaseBuilder.php(1771): CodeIgniter\Database\BaseConnection->query('INSERT INTO `de...', Array, false)
#4 C:\xampp\htdocs\rtpintar\system\Model.php(239): CodeIgniter\Database\BaseBuilder->insert()
#5 C:\xampp\htdocs\rtpintar\system\BaseModel.php(738): CodeIgniter\Model->doInsert(Array)
#6 C:\xampp\htdocs\rtpintar\system\Model.php(625): CodeIgniter\BaseModel->insert(Array, true)
#7 C:\xampp\htdocs\rtpintar\app\Controllers\Desa.php(102): CodeIgniter\Model->insert(Array)
#8 C:\xampp\htdocs\rtpintar\system\CodeIgniter.php(825): App\Controllers\Desa->add()
#9 C:\xampp\htdocs\rtpintar\system\CodeIgniter.php(412): CodeIgniter\CodeIgniter->runController(Object(App\Controllers\Desa))
#10 C:\xampp\htdocs\rtpintar\system\CodeIgniter.php(320): CodeIgniter\CodeIgniter->handleRequest(NULL, Object(Config\Cache), false)
#11 C:\xampp\htdocs\rtpintar\public\index.php(37): CodeIgniter\CodeIgniter->run()
#12 C:\xampp\htdocs\rtpintar\system\Commands\Server\rewrite.php(43): require_once('C:\\xampp\\htdocs...')
#13 {main}
ERROR - 2022-04-03 17:29:19 --> Duplicate entry '0' for key 'PRIMARY'
CRITICAL - 2022-04-03 17:29:19 --> Duplicate entry '0' for key 'PRIMARY'
#0 C:\xampp\htdocs\rtpintar\system\Database\MySQLi\Connection.php(292): mysqli->query('INSERT INTO `de...', 0)
#1 C:\xampp\htdocs\rtpintar\system\Database\BaseConnection.php(670): CodeIgniter\Database\MySQLi\Connection->execute('INSERT INTO `de...')
#2 C:\xampp\htdocs\rtpintar\system\Database\BaseConnection.php(598): CodeIgniter\Database\BaseConnection->simpleQuery('INSERT INTO `de...')
#3 C:\xampp\htdocs\rtpintar\system\Database\BaseBuilder.php(1771): CodeIgniter\Database\BaseConnection->query('INSERT INTO `de...', Array, false)
#4 C:\xampp\htdocs\rtpintar\system\Model.php(239): CodeIgniter\Database\BaseBuilder->insert()
#5 C:\xampp\htdocs\rtpintar\system\BaseModel.php(738): CodeIgniter\Model->doInsert(Array)
#6 C:\xampp\htdocs\rtpintar\system\Model.php(625): CodeIgniter\BaseModel->insert(Array, true)
#7 C:\xampp\htdocs\rtpintar\app\Controllers\Desa.php(102): CodeIgniter\Model->insert(Array)
#8 C:\xampp\htdocs\rtpintar\system\CodeIgniter.php(825): App\Controllers\Desa->add()
#9 C:\xampp\htdocs\rtpintar\system\CodeIgniter.php(412): CodeIgniter\CodeIgniter->runController(Object(App\Controllers\Desa))
#10 C:\xampp\htdocs\rtpintar\system\CodeIgniter.php(320): CodeIgniter\CodeIgniter->handleRequest(NULL, Object(Config\Cache), false)
#11 C:\xampp\htdocs\rtpintar\public\index.php(37): CodeIgniter\CodeIgniter->run()
#12 C:\xampp\htdocs\rtpintar\system\Commands\Server\rewrite.php(43): require_once('C:\\xampp\\htdocs...')
#13 {main}
ERROR - 2022-04-03 17:29:20 --> Duplicate entry '0' for key 'PRIMARY'
CRITICAL - 2022-04-03 17:29:20 --> Duplicate entry '0' for key 'PRIMARY'
#0 C:\xampp\htdocs\rtpintar\system\Database\MySQLi\Connection.php(292): mysqli->query('INSERT INTO `de...', 0)
#1 C:\xampp\htdocs\rtpintar\system\Database\BaseConnection.php(670): CodeIgniter\Database\MySQLi\Connection->execute('INSERT INTO `de...')
#2 C:\xampp\htdocs\rtpintar\system\Database\BaseConnection.php(598): CodeIgniter\Database\BaseConnection->simpleQuery('INSERT INTO `de...')
#3 C:\xampp\htdocs\rtpintar\system\Database\BaseBuilder.php(1771): CodeIgniter\Database\BaseConnection->query('INSERT INTO `de...', Array, false)
#4 C:\xampp\htdocs\rtpintar\system\Model.php(239): CodeIgniter\Database\BaseBuilder->insert()
#5 C:\xampp\htdocs\rtpintar\system\BaseModel.php(738): CodeIgniter\Model->doInsert(Array)
#6 C:\xampp\htdocs\rtpintar\system\Model.php(625): CodeIgniter\BaseModel->insert(Array, true)
#7 C:\xampp\htdocs\rtpintar\app\Controllers\Desa.php(102): CodeIgniter\Model->insert(Array)
#8 C:\xampp\htdocs\rtpintar\system\CodeIgniter.php(825): App\Controllers\Desa->add()
#9 C:\xampp\htdocs\rtpintar\system\CodeIgniter.php(412): CodeIgniter\CodeIgniter->runController(Object(App\Controllers\Desa))
#10 C:\xampp\htdocs\rtpintar\system\CodeIgniter.php(320): CodeIgniter\CodeIgniter->handleRequest(NULL, Object(Config\Cache), false)
#11 C:\xampp\htdocs\rtpintar\public\index.php(37): CodeIgniter\CodeIgniter->run()
#12 C:\xampp\htdocs\rtpintar\system\Commands\Server\rewrite.php(43): require_once('C:\\xampp\\htdocs...')
#13 {main}
ERROR - 2022-04-03 17:29:20 --> Duplicate entry '0' for key 'PRIMARY'
CRITICAL - 2022-04-03 17:29:20 --> Duplicate entry '0' for key 'PRIMARY'
#0 C:\xampp\htdocs\rtpintar\system\Database\MySQLi\Connection.php(292): mysqli->query('INSERT INTO `de...', 0)
#1 C:\xampp\htdocs\rtpintar\system\Database\BaseConnection.php(670): CodeIgniter\Database\MySQLi\Connection->execute('INSERT INTO `de...')
#2 C:\xampp\htdocs\rtpintar\system\Database\BaseConnection.php(598): CodeIgniter\Database\BaseConnection->simpleQuery('INSERT INTO `de...')
#3 C:\xampp\htdocs\rtpintar\system\Database\BaseBuilder.php(1771): CodeIgniter\Database\BaseConnection->query('INSERT INTO `de...', Array, false)
#4 C:\xampp\htdocs\rtpintar\system\Model.php(239): CodeIgniter\Database\BaseBuilder->insert()
#5 C:\xampp\htdocs\rtpintar\system\BaseModel.php(738): CodeIgniter\Model->doInsert(Array)
#6 C:\xampp\htdocs\rtpintar\system\Model.php(625): CodeIgniter\BaseModel->insert(Array, true)
#7 C:\xampp\htdocs\rtpintar\app\Controllers\Desa.php(102): CodeIgniter\Model->insert(Array)
#8 C:\xampp\htdocs\rtpintar\system\CodeIgniter.php(825): App\Controllers\Desa->add()
#9 C:\xampp\htdocs\rtpintar\system\CodeIgniter.php(412): CodeIgniter\CodeIgniter->runController(Object(App\Controllers\Desa))
#10 C:\xampp\htdocs\rtpintar\system\CodeIgniter.php(320): CodeIgniter\CodeIgniter->handleRequest(NULL, Object(Config\Cache), false)
#11 C:\xampp\htdocs\rtpintar\public\index.php(37): CodeIgniter\CodeIgniter->run()
#12 C:\xampp\htdocs\rtpintar\system\Commands\Server\rewrite.php(43): require_once('C:\\xampp\\htdocs...')
#13 {main}
ERROR - 2022-04-03 17:29:20 --> Duplicate entry '0' for key 'PRIMARY'
CRITICAL - 2022-04-03 17:29:20 --> Duplicate entry '0' for key 'PRIMARY'
#0 C:\xampp\htdocs\rtpintar\system\Database\MySQLi\Connection.php(292): mysqli->query('INSERT INTO `de...', 0)
#1 C:\xampp\htdocs\rtpintar\system\Database\BaseConnection.php(670): CodeIgniter\Database\MySQLi\Connection->execute('INSERT INTO `de...')
#2 C:\xampp\htdocs\rtpintar\system\Database\BaseConnection.php(598): CodeIgniter\Database\BaseConnection->simpleQuery('INSERT INTO `de...')
#3 C:\xampp\htdocs\rtpintar\system\Database\BaseBuilder.php(1771): CodeIgniter\Database\BaseConnection->query('INSERT INTO `de...', Array, false)
#4 C:\xampp\htdocs\rtpintar\system\Model.php(239): CodeIgniter\Database\BaseBuilder->insert()
#5 C:\xampp\htdocs\rtpintar\system\BaseModel.php(738): CodeIgniter\Model->doInsert(Array)
#6 C:\xampp\htdocs\rtpintar\system\Model.php(625): CodeIgniter\BaseModel->insert(Array, true)
#7 C:\xampp\htdocs\rtpintar\app\Controllers\Desa.php(102): CodeIgniter\Model->insert(Array)
#8 C:\xampp\htdocs\rtpintar\system\CodeIgniter.php(825): App\Controllers\Desa->add()
#9 C:\xampp\htdocs\rtpintar\system\CodeIgniter.php(412): CodeIgniter\CodeIgniter->runController(Object(App\Controllers\Desa))
#10 C:\xampp\htdocs\rtpintar\system\CodeIgniter.php(320): CodeIgniter\CodeIgniter->handleRequest(NULL, Object(Config\Cache), false)
#11 C:\xampp\htdocs\rtpintar\public\index.php(37): CodeIgniter\CodeIgniter->run()
#12 C:\xampp\htdocs\rtpintar\system\Commands\Server\rewrite.php(43): require_once('C:\\xampp\\htdocs...')
#13 {main}
ERROR - 2022-04-03 17:30:53 --> Duplicate entry '0' for key 'PRIMARY'
CRITICAL - 2022-04-03 17:30:53 --> Duplicate entry '0' for key 'PRIMARY'
#0 C:\xampp\htdocs\rtpintar\system\Database\MySQLi\Connection.php(292): mysqli->query('INSERT INTO `de...', 0)
#1 C:\xampp\htdocs\rtpintar\system\Database\BaseConnection.php(670): CodeIgniter\Database\MySQLi\Connection->execute('INSERT INTO `de...')
#2 C:\xampp\htdocs\rtpintar\system\Database\BaseConnection.php(598): CodeIgniter\Database\BaseConnection->simpleQuery('INSERT INTO `de...')
#3 C:\xampp\htdocs\rtpintar\system\Database\BaseBuilder.php(1771): CodeIgniter\Database\BaseConnection->query('INSERT INTO `de...', Array, false)
#4 C:\xampp\htdocs\rtpintar\system\Model.php(239): CodeIgniter\Database\BaseBuilder->insert()
#5 C:\xampp\htdocs\rtpintar\system\BaseModel.php(738): CodeIgniter\Model->doInsert(Array)
#6 C:\xampp\htdocs\rtpintar\system\Model.php(625): CodeIgniter\BaseModel->insert(Array, true)
#7 C:\xampp\htdocs\rtpintar\app\Controllers\Desa.php(102): CodeIgniter\Model->insert(Array)
#8 C:\xampp\htdocs\rtpintar\system\CodeIgniter.php(825): App\Controllers\Desa->add()
#9 C:\xampp\htdocs\rtpintar\system\CodeIgniter.php(412): CodeIgniter\CodeIgniter->runController(Object(App\Controllers\Desa))
#10 C:\xampp\htdocs\rtpintar\system\CodeIgniter.php(320): CodeIgniter\CodeIgniter->handleRequest(NULL, Object(Config\Cache), false)
#11 C:\xampp\htdocs\rtpintar\public\index.php(37): CodeIgniter\CodeIgniter->run()
#12 C:\xampp\htdocs\rtpintar\system\Commands\Server\rewrite.php(43): require_once('C:\\xampp\\htdocs...')
#13 {main}
ERROR - 2022-04-03 17:33:59 --> Duplicate entry '0' for key 'PRIMARY'
CRITICAL - 2022-04-03 17:33:59 --> Duplicate entry '0' for key 'PRIMARY'
#0 C:\xampp\htdocs\rtpintar\system\Database\MySQLi\Connection.php(292): mysqli->query('INSERT INTO `de...', 0)
#1 C:\xampp\htdocs\rtpintar\system\Database\BaseConnection.php(670): CodeIgniter\Database\MySQLi\Connection->execute('INSERT INTO `de...')
#2 C:\xampp\htdocs\rtpintar\system\Database\BaseConnection.php(598): CodeIgniter\Database\BaseConnection->simpleQuery('INSERT INTO `de...')
#3 C:\xampp\htdocs\rtpintar\system\Database\BaseBuilder.php(1771): CodeIgniter\Database\BaseConnection->query('INSERT INTO `de...', Array, false)
#4 C:\xampp\htdocs\rtpintar\system\Model.php(239): CodeIgniter\Database\BaseBuilder->insert()
#5 C:\xampp\htdocs\rtpintar\system\BaseModel.php(738): CodeIgniter\Model->doInsert(Array)
#6 C:\xampp\htdocs\rtpintar\system\Model.php(625): CodeIgniter\BaseModel->insert(Array, true)
#7 C:\xampp\htdocs\rtpintar\app\Controllers\Desa.php(102): CodeIgniter\Model->insert(Array)
#8 C:\xampp\htdocs\rtpintar\system\CodeIgniter.php(825): App\Controllers\Desa->add()
#9 C:\xampp\htdocs\rtpintar\system\CodeIgniter.php(412): CodeIgniter\CodeIgniter->runController(Object(App\Controllers\Desa))
#10 C:\xampp\htdocs\rtpintar\system\CodeIgniter.php(320): CodeIgniter\CodeIgniter->handleRequest(NULL, Object(Config\Cache), false)
#11 C:\xampp\htdocs\rtpintar\public\index.php(37): CodeIgniter\CodeIgniter->run()
#12 C:\xampp\htdocs\rtpintar\system\Commands\Server\rewrite.php(43): require_once('C:\\xampp\\htdocs...')
#13 {main}
CRITICAL - 2022-04-03 17:49:29 --> View themes, no current section.
#0 C:\xampp\htdocs\rtpintar\app\Views\desa.php(438): CodeIgniter\View\View->endSection()
#1 C:\xampp\htdocs\rtpintar\system\View\View.php(210): include('C:\\xampp\\htdocs...')
#2 C:\xampp\htdocs\rtpintar\system\View\View.php(213): CodeIgniter\View\View->CodeIgniter\View\{closure}()
#3 C:\xampp\htdocs\rtpintar\system\Common.php(1089): CodeIgniter\View\View->render('desa', Array, true)
#4 C:\xampp\htdocs\rtpintar\app\Controllers\Desa.php(31): view('desa', Array)
#5 C:\xampp\htdocs\rtpintar\system\CodeIgniter.php(825): App\Controllers\Desa->index()
#6 C:\xampp\htdocs\rtpintar\system\CodeIgniter.php(412): CodeIgniter\CodeIgniter->runController(Object(App\Controllers\Desa))
#7 C:\xampp\htdocs\rtpintar\system\CodeIgniter.php(320): CodeIgniter\CodeIgniter->handleRequest(NULL, Object(Config\Cache), false)
#8 C:\xampp\htdocs\rtpintar\public\index.php(37): CodeIgniter\CodeIgniter->run()
#9 C:\xampp\htdocs\rtpintar\system\Commands\Server\rewrite.php(43): require_once('C:\\xampp\\htdocs...')
#10 {main}
CRITICAL - 2022-04-03 19:12:58 --> Undefined variable: contacts
#0 C:\xampp\htdocs\rtpintar\app\Views\desa.php(43): CodeIgniter\Debug\Exceptions->errorHandler(8, 'Undefined varia...', 'C:\\xampp\\htdocs...', 43, Array)
#1 C:\xampp\htdocs\rtpintar\system\View\View.php(210): include('C:\\xampp\\htdocs...')
#2 C:\xampp\htdocs\rtpintar\system\View\View.php(213): CodeIgniter\View\View->CodeIgniter\View\{closure}()
#3 C:\xampp\htdocs\rtpintar\system\Common.php(1089): CodeIgniter\View\View->render('desa', Array, true)
#4 C:\xampp\htdocs\rtpintar\app\Controllers\DesaController.php(19): view('desa', Array)
#5 C:\xampp\htdocs\rtpintar\system\CodeIgniter.php(825): App\Controllers\DesaController->index()
#6 C:\xampp\htdocs\rtpintar\system\CodeIgniter.php(412): CodeIgniter\CodeIgniter->runController(Object(App\Controllers\DesaController))
#7 C:\xampp\htdocs\rtpintar\system\CodeIgniter.php(320): CodeIgniter\CodeIgniter->handleRequest(NULL, Object(Config\Cache), false)
#8 C:\xampp\htdocs\rtpintar\public\index.php(37): CodeIgniter\CodeIgniter->run()
#9 C:\xampp\htdocs\rtpintar\system\Commands\Server\rewrite.php(43): require_once('C:\\xampp\\htdocs...')
#10 {main}
CRITICAL - 2022-04-03 19:12:58 --> Undefined variable: contacts
#0 C:\xampp\htdocs\rtpintar\app\Views\desa.php(43): CodeIgniter\Debug\Exceptions->errorHandler(8, 'Undefined varia...', 'C:\\xampp\\htdocs...', 43, Array)
#1 C:\xampp\htdocs\rtpintar\system\View\View.php(210): include('C:\\xampp\\htdocs...')
#2 C:\xampp\htdocs\rtpintar\system\View\View.php(213): CodeIgniter\View\View->CodeIgniter\View\{closure}()
#3 C:\xampp\htdocs\rtpintar\system\Common.php(1089): CodeIgniter\View\View->render('desa', Array, true)
#4 C:\xampp\htdocs\rtpintar\app\Controllers\DesaController.php(19): view('desa', Array)
#5 C:\xampp\htdocs\rtpintar\system\CodeIgniter.php(825): App\Controllers\DesaController->index()
#6 C:\xampp\htdocs\rtpintar\system\CodeIgniter.php(412): CodeIgniter\CodeIgniter->runController(Object(App\Controllers\DesaController))
#7 C:\xampp\htdocs\rtpintar\system\CodeIgniter.php(320): CodeIgniter\CodeIgniter->handleRequest(NULL, Object(Config\Cache), false)
#8 C:\xampp\htdocs\rtpintar\public\index.php(37): CodeIgniter\CodeIgniter->run()
#9 C:\xampp\htdocs\rtpintar\system\Commands\Server\rewrite.php(43): require_once('C:\\xampp\\htdocs...')
#10 {main}
CRITICAL - 2022-04-03 19:14:35 --> Undefined property: App\Controllers\DesaController::$contact
#0 C:\xampp\htdocs\rtpintar\app\Controllers\DesaController.php(18): CodeIgniter\Debug\Exceptions->errorHandler(8, 'Undefined prope...', 'C:\\xampp\\htdocs...', 18, Array)
#1 C:\xampp\htdocs\rtpintar\system\CodeIgniter.php(825): App\Controllers\DesaController->index()
#2 C:\xampp\htdocs\rtpintar\system\CodeIgniter.php(412): CodeIgniter\CodeIgniter->runController(Object(App\Controllers\DesaController))
#3 C:\xampp\htdocs\rtpintar\system\CodeIgniter.php(320): CodeIgniter\CodeIgniter->handleRequest(NULL, Object(Config\Cache), false)
#4 C:\xampp\htdocs\rtpintar\public\index.php(37): CodeIgniter\CodeIgniter->run()
#5 C:\xampp\htdocs\rtpintar\system\Commands\Server\rewrite.php(43): require_once('C:\\xampp\\htdocs...')
#6 {main}
CRITICAL - 2022-04-03 19:14:51 --> Undefined variable: Desa
#0 C:\xampp\htdocs\rtpintar\app\Views\desa.php(39): CodeIgniter\Debug\Exceptions->errorHandler(8, 'Undefined varia...', 'C:\\xampp\\htdocs...', 39, Array)
#1 C:\xampp\htdocs\rtpintar\system\View\View.php(210): include('C:\\xampp\\htdocs...')
#2 C:\xampp\htdocs\rtpintar\system\View\View.php(213): CodeIgniter\View\View->CodeIgniter\View\{closure}()
#3 C:\xampp\htdocs\rtpintar\system\Common.php(1089): CodeIgniter\View\View->render('desa', Array, true)
#4 C:\xampp\htdocs\rtpintar\app\Controllers\DesaController.php(19): view('desa', Array)
#5 C:\xampp\htdocs\rtpintar\system\CodeIgniter.php(825): App\Controllers\DesaController->index()
#6 C:\xampp\htdocs\rtpintar\system\CodeIgniter.php(412): CodeIgniter\CodeIgniter->runController(Object(App\Controllers\DesaController))
#7 C:\xampp\htdocs\rtpintar\system\CodeIgniter.php(320): CodeIgniter\CodeIgniter->handleRequest(NULL, Object(Config\Cache), false)
#8 C:\xampp\htdocs\rtpintar\public\index.php(37): CodeIgniter\CodeIgniter->run()
#9 C:\xampp\htdocs\rtpintar\system\Commands\Server\rewrite.php(43): require_once('C:\\xampp\\htdocs...')
#10 {main}
CRITICAL - 2022-04-03 19:16:16 --> Undefined variable: datapassing
#0 C:\xampp\htdocs\rtpintar\app\Views\desa.php(39): CodeIgniter\Debug\Exceptions->errorHandler(8, 'Undefined varia...', 'C:\\xampp\\htdocs...', 39, Array)
#1 C:\xampp\htdocs\rtpintar\system\View\View.php(210): include('C:\\xampp\\htdocs...')
#2 C:\xampp\htdocs\rtpintar\system\View\View.php(213): CodeIgniter\View\View->CodeIgniter\View\{closure}()
#3 C:\xampp\htdocs\rtpintar\system\Common.php(1089): CodeIgniter\View\View->render('desa', Array, true)
#4 C:\xampp\htdocs\rtpintar\app\Controllers\DesaController.php(19): view('desa', Array)
#5 C:\xampp\htdocs\rtpintar\system\CodeIgniter.php(825): App\Controllers\DesaController->index()
#6 C:\xampp\htdocs\rtpintar\system\CodeIgniter.php(412): CodeIgniter\CodeIgniter->runController(Object(App\Controllers\DesaController))
#7 C:\xampp\htdocs\rtpintar\system\CodeIgniter.php(320): CodeIgniter\CodeIgniter->handleRequest(NULL, Object(Config\Cache), false)
#8 C:\xampp\htdocs\rtpintar\public\index.php(37): CodeIgniter\CodeIgniter->run()
#9 C:\xampp\htdocs\rtpintar\system\Commands\Server\rewrite.php(43): require_once('C:\\xampp\\htdocs...')
#10 {main}
CRITICAL - 2022-04-03 19:19:17 --> Undefined variable: datapassing
#0 C:\xampp\htdocs\rtpintar\app\Views\desa.php(39): CodeIgniter\Debug\Exceptions->errorHandler(8, 'Undefined varia...', 'C:\\xampp\\htdocs...', 39, Array)
#1 C:\xampp\htdocs\rtpintar\system\View\View.php(210): include('C:\\xampp\\htdocs...')
#2 C:\xampp\htdocs\rtpintar\system\View\View.php(213): CodeIgniter\View\View->CodeIgniter\View\{closure}()
#3 C:\xampp\htdocs\rtpintar\system\Common.php(1089): CodeIgniter\View\View->render('desa', Array, true)
#4 C:\xampp\htdocs\rtpintar\app\Controllers\DesaController.php(19): view('desa', Array)
#5 C:\xampp\htdocs\rtpintar\system\CodeIgniter.php(825): App\Controllers\DesaController->index()
#6 C:\xampp\htdocs\rtpintar\system\CodeIgniter.php(412): CodeIgniter\CodeIgniter->runController(Object(App\Controllers\DesaController))
#7 C:\xampp\htdocs\rtpintar\system\CodeIgniter.php(320): CodeIgniter\CodeIgniter->handleRequest(NULL, Object(Config\Cache), false)
#8 C:\xampp\htdocs\rtpintar\public\index.php(37): CodeIgniter\CodeIgniter->run()
#9 C:\xampp\htdocs\rtpintar\system\Commands\Server\rewrite.php(43): require_once('C:\\xampp\\htdocs...')
#10 {main}
CRITICAL - 2022-04-03 19:20:52 --> Undefined variable: Desa
#0 C:\xampp\htdocs\rtpintar\app\Views\desa.php(39): CodeIgniter\Debug\Exceptions->errorHandler(8, 'Undefined varia...', 'C:\\xampp\\htdocs...', 39, Array)
#1 C:\xampp\htdocs\rtpintar\system\View\View.php(210): include('C:\\xampp\\htdocs...')
#2 C:\xampp\htdocs\rtpintar\system\View\View.php(213): CodeIgniter\View\View->CodeIgniter\View\{closure}()
#3 C:\xampp\htdocs\rtpintar\system\Common.php(1089): CodeIgniter\View\View->render('desa', Array, true)
#4 C:\xampp\htdocs\rtpintar\app\Controllers\DesaController.php(19): view('desa', Array)
#5 C:\xampp\htdocs\rtpintar\system\CodeIgniter.php(825): App\Controllers\DesaController->index()
#6 C:\xampp\htdocs\rtpintar\system\CodeIgniter.php(412): CodeIgniter\CodeIgniter->runController(Object(App\Controllers\DesaController))
#7 C:\xampp\htdocs\rtpintar\system\CodeIgniter.php(320): CodeIgniter\CodeIgniter->handleRequest(NULL, Object(Config\Cache), false)
#8 C:\xampp\htdocs\rtpintar\public\index.php(37): CodeIgniter\CodeIgniter->run()
#9 C:\xampp\htdocs\rtpintar\system\Commands\Server\rewrite.php(43): require_once('C:\\xampp\\htdocs...')
#10 {main}
CRITICAL - 2022-04-03 19:21:12 --> Undefined variable: Desa
#0 C:\xampp\htdocs\rtpintar\app\Views\desa.php(39): CodeIgniter\Debug\Exceptions->errorHandler(8, 'Undefined varia...', 'C:\\xampp\\htdocs...', 39, Array)
#1 C:\xampp\htdocs\rtpintar\system\View\View.php(210): include('C:\\xampp\\htdocs...')
#2 C:\xampp\htdocs\rtpintar\system\View\View.php(213): CodeIgniter\View\View->CodeIgniter\View\{closure}()
#3 C:\xampp\htdocs\rtpintar\system\Common.php(1089): CodeIgniter\View\View->render('/desa', Array, true)
#4 C:\xampp\htdocs\rtpintar\app\Controllers\DesaController.php(19): view('/desa', Array)
#5 C:\xampp\htdocs\rtpintar\system\CodeIgniter.php(825): App\Controllers\DesaController->index()
#6 C:\xampp\htdocs\rtpintar\system\CodeIgniter.php(412): CodeIgniter\CodeIgniter->runController(Object(App\Controllers\DesaController))
#7 C:\xampp\htdocs\rtpintar\system\CodeIgniter.php(320): CodeIgniter\CodeIgniter->handleRequest(NULL, Object(Config\Cache), false)
#8 C:\xampp\htdocs\rtpintar\public\index.php(37): CodeIgniter\CodeIgniter->run()
#9 C:\xampp\htdocs\rtpintar\system\Commands\Server\rewrite.php(43): require_once('C:\\xampp\\htdocs...')
#10 {main}
CRITICAL - 2022-04-03 19:39:07 -->  route cannot be found while reverse-routing.
#0 C:\xampp\htdocs\rtpintar\system\HTTP\RedirectResponse.php(56): CodeIgniter\HTTP\Exceptions\HTTPException::forInvalidRedirectRoute('')
#1 C:\xampp\htdocs\rtpintar\system\Common.php(832): CodeIgniter\HTTP\RedirectResponse->route(false)
#2 C:\xampp\htdocs\rtpintar\app\Controllers\DesaController.php(29): redirect('/desa')
#3 C:\xampp\htdocs\rtpintar\system\CodeIgniter.php(825): App\Controllers\DesaController->create()
#4 C:\xampp\htdocs\rtpintar\system\CodeIgniter.php(412): CodeIgniter\CodeIgniter->runController(Object(App\Controllers\DesaController))
#5 C:\xampp\htdocs\rtpintar\system\CodeIgniter.php(320): CodeIgniter\CodeIgniter->handleRequest(NULL, Object(Config\Cache), false)
#6 C:\xampp\htdocs\rtpintar\public\index.php(37): CodeIgniter\CodeIgniter->run()
#7 C:\xampp\htdocs\rtpintar\system\Commands\Server\rewrite.php(43): require_once('C:\\xampp\\htdocs...')
#8 {main}
CRITICAL - 2022-04-03 19:42:06 --> Undefined variable: contact
#0 C:\xampp\htdocs\rtpintar\app\Views\desa.php(43): CodeIgniter\Debug\Exceptions->errorHandler(8, 'Undefined varia...', 'C:\\xampp\\htdocs...', 43, Array)
#1 C:\xampp\htdocs\rtpintar\system\View\View.php(210): include('C:\\xampp\\htdocs...')
#2 C:\xampp\htdocs\rtpintar\system\View\View.php(213): CodeIgniter\View\View->CodeIgniter\View\{closure}()
#3 C:\xampp\htdocs\rtpintar\system\Common.php(1089): CodeIgniter\View\View->render('desa', Array, true)
#4 C:\xampp\htdocs\rtpintar\app\Controllers\DesaController.php(19): view('desa', Array)
#5 C:\xampp\htdocs\rtpintar\system\CodeIgniter.php(825): App\Controllers\DesaController->index()
#6 C:\xampp\htdocs\rtpintar\system\CodeIgniter.php(412): CodeIgniter\CodeIgniter->runController(Object(App\Controllers\DesaController))
#7 C:\xampp\htdocs\rtpintar\system\CodeIgniter.php(320): CodeIgniter\CodeIgniter->handleRequest(NULL, Object(Config\Cache), false)
#8 C:\xampp\htdocs\rtpintar\public\index.php(37): CodeIgniter\CodeIgniter->run()
#9 C:\xampp\htdocs\rtpintar\system\Commands\Server\rewrite.php(43): require_once('C:\\xampp\\htdocs...')
#10 {main}
CRITICAL - 2022-04-03 19:42:24 --> Undefined index: id
#0 C:\xampp\htdocs\rtpintar\app\Views\desa.php(43): CodeIgniter\Debug\Exceptions->errorHandler(8, 'Undefined index...', 'C:\\xampp\\htdocs...', 43, Array)
#1 C:\xampp\htdocs\rtpintar\system\View\View.php(210): include('C:\\xampp\\htdocs...')
#2 C:\xampp\htdocs\rtpintar\system\View\View.php(213): CodeIgniter\View\View->CodeIgniter\View\{closure}()
#3 C:\xampp\htdocs\rtpintar\system\Common.php(1089): CodeIgniter\View\View->render('desa', Array, true)
#4 C:\xampp\htdocs\rtpintar\app\Controllers\DesaController.php(19): view('desa', Array)
#5 C:\xampp\htdocs\rtpintar\system\CodeIgniter.php(825): App\Controllers\DesaController->index()
#6 C:\xampp\htdocs\rtpintar\system\CodeIgniter.php(412): CodeIgniter\CodeIgniter->runController(Object(App\Controllers\DesaController))
#7 C:\xampp\htdocs\rtpintar\system\CodeIgniter.php(320): CodeIgniter\CodeIgniter->handleRequest(NULL, Object(Config\Cache), false)
#8 C:\xampp\htdocs\rtpintar\public\index.php(37): CodeIgniter\CodeIgniter->run()
#9 C:\xampp\htdocs\rtpintar\system\Commands\Server\rewrite.php(43): require_once('C:\\xampp\\htdocs...')
#10 {main}
CRITICAL - 2022-04-03 19:45:32 --> Undefined index: id
#0 C:\xampp\htdocs\rtpintar\app\Views\desa.php(43): CodeIgniter\Debug\Exceptions->errorHandler(8, 'Undefined index...', 'C:\\xampp\\htdocs...', 43, Array)
#1 C:\xampp\htdocs\rtpintar\system\View\View.php(210): include('C:\\xampp\\htdocs...')
#2 C:\xampp\htdocs\rtpintar\system\View\View.php(213): CodeIgniter\View\View->CodeIgniter\View\{closure}()
#3 C:\xampp\htdocs\rtpintar\system\Common.php(1089): CodeIgniter\View\View->render('desa', Array, true)
#4 C:\xampp\htdocs\rtpintar\app\Controllers\DesaController.php(19): view('desa', Array)
#5 C:\xampp\htdocs\rtpintar\system\CodeIgniter.php(825): App\Controllers\DesaController->index()
#6 C:\xampp\htdocs\rtpintar\system\CodeIgniter.php(412): CodeIgniter\CodeIgniter->runController(Object(App\Controllers\DesaController))
#7 C:\xampp\htdocs\rtpintar\system\CodeIgniter.php(320): CodeIgniter\CodeIgniter->handleRequest(NULL, Object(Config\Cache), false)
#8 C:\xampp\htdocs\rtpintar\public\index.php(37): CodeIgniter\CodeIgniter->run()
#9 C:\xampp\htdocs\rtpintar\system\Commands\Server\rewrite.php(43): require_once('C:\\xampp\\htdocs...')
#10 {main}
CRITICAL - 2022-04-03 19:45:54 --> Undefined variable: contact
#0 C:\xampp\htdocs\rtpintar\app\Views\desa.php(81): CodeIgniter\Debug\Exceptions->errorHandler(8, 'Undefined varia...', 'C:\\xampp\\htdocs...', 81, Array)
#1 C:\xampp\htdocs\rtpintar\system\View\View.php(210): include('C:\\xampp\\htdocs...')
#2 C:\xampp\htdocs\rtpintar\system\View\View.php(213): CodeIgniter\View\View->CodeIgniter\View\{closure}()
#3 C:\xampp\htdocs\rtpintar\system\Common.php(1089): CodeIgniter\View\View->render('desa', Array, true)
#4 C:\xampp\htdocs\rtpintar\app\Controllers\DesaController.php(19): view('desa', Array)
#5 C:\xampp\htdocs\rtpintar\system\CodeIgniter.php(825): App\Controllers\DesaController->index()
#6 C:\xampp\htdocs\rtpintar\system\CodeIgniter.php(412): CodeIgniter\CodeIgniter->runController(Object(App\Controllers\DesaController))
#7 C:\xampp\htdocs\rtpintar\system\CodeIgniter.php(320): CodeIgniter\CodeIgniter->handleRequest(NULL, Object(Config\Cache), false)
#8 C:\xampp\htdocs\rtpintar\public\index.php(37): CodeIgniter\CodeIgniter->run()
#9 C:\xampp\htdocs\rtpintar\system\Commands\Server\rewrite.php(43): require_once('C:\\xampp\\htdocs...')
#10 {main}
ERROR - 2022-04-03 19:54:11 --> Unknown column 'desa.id' in 'where clause'
CRITICAL - 2022-04-03 19:54:11 --> Unknown column 'desa.id' in 'where clause'
#0 C:\xampp\htdocs\rtpintar\system\Database\MySQLi\Connection.php(292): mysqli->query('UPDATE `desa` S...', 0)
#1 C:\xampp\htdocs\rtpintar\system\Database\BaseConnection.php(670): CodeIgniter\Database\MySQLi\Connection->execute('UPDATE `desa` S...')
#2 C:\xampp\htdocs\rtpintar\system\Database\BaseConnection.php(598): CodeIgniter\Database\BaseConnection->simpleQuery('UPDATE `desa` S...')
#3 C:\xampp\htdocs\rtpintar\system\Database\BaseBuilder.php(1913): CodeIgniter\Database\BaseConnection->query('UPDATE `desa` S...', Array, false)
#4 C:\xampp\htdocs\rtpintar\system\Model.php(298): CodeIgniter\Database\BaseBuilder->update()
#5 C:\xampp\htdocs\rtpintar\system\BaseModel.php(865): CodeIgniter\Model->doUpdate(Array, Array)
#6 C:\xampp\htdocs\rtpintar\system\Model.php(651): CodeIgniter\BaseModel->update(Array, Array)
#7 C:\xampp\htdocs\rtpintar\app\Controllers\DesaController.php(36): CodeIgniter\Model->update('4', Array)
#8 C:\xampp\htdocs\rtpintar\system\CodeIgniter.php(825): App\Controllers\DesaController->edit('4')
#9 C:\xampp\htdocs\rtpintar\system\CodeIgniter.php(412): CodeIgniter\CodeIgniter->runController(Object(App\Controllers\DesaController))
#10 C:\xampp\htdocs\rtpintar\system\CodeIgniter.php(320): CodeIgniter\CodeIgniter->handleRequest(NULL, Object(Config\Cache), false)
#11 C:\xampp\htdocs\rtpintar\public\index.php(37): CodeIgniter\CodeIgniter->run()
#12 C:\xampp\htdocs\rtpintar\system\Commands\Server\rewrite.php(43): require_once('C:\\xampp\\htdocs...')
#13 {main}
CRITICAL - 2022-04-03 19:59:52 --> View themes, no current section.
#0 C:\xampp\htdocs\rtpintar\app\Views\desa.php(122): CodeIgniter\View\View->endSection()
#1 C:\xampp\htdocs\rtpintar\system\View\View.php(210): include('C:\\xampp\\htdocs...')
#2 C:\xampp\htdocs\rtpintar\system\View\View.php(213): CodeIgniter\View\View->CodeIgniter\View\{closure}()
#3 C:\xampp\htdocs\rtpintar\system\Common.php(1089): CodeIgniter\View\View->render('desa', Array, true)
#4 C:\xampp\htdocs\rtpintar\app\Controllers\DesaController.php(19): view('desa', Array)
#5 C:\xampp\htdocs\rtpintar\system\CodeIgniter.php(825): App\Controllers\DesaController->index()
#6 C:\xampp\htdocs\rtpintar\system\CodeIgniter.php(412): CodeIgniter\CodeIgniter->runController(Object(App\Controllers\DesaController))
#7 C:\xampp\htdocs\rtpintar\system\CodeIgniter.php(320): CodeIgniter\CodeIgniter->handleRequest(NULL, Object(Config\Cache), false)
#8 C:\xampp\htdocs\rtpintar\public\index.php(37): CodeIgniter\CodeIgniter->run()
#9 C:\xampp\htdocs\rtpintar\system\Commands\Server\rewrite.php(43): require_once('C:\\xampp\\htdocs...')
#10 {main}
ERROR - 2022-04-03 20:06:20 --> Unknown column 'desa.id' in 'where clause'
CRITICAL - 2022-04-03 20:06:20 --> Unknown column 'desa.id' in 'where clause'
#0 C:\xampp\htdocs\rtpintar\system\Database\MySQLi\Connection.php(292): mysqli->query('UPDATE `desa` S...', 0)
#1 C:\xampp\htdocs\rtpintar\system\Database\BaseConnection.php(670): CodeIgniter\Database\MySQLi\Connection->execute('UPDATE `desa` S...')
#2 C:\xampp\htdocs\rtpintar\system\Database\BaseConnection.php(598): CodeIgniter\Database\BaseConnection->simpleQuery('UPDATE `desa` S...')
#3 C:\xampp\htdocs\rtpintar\system\Database\BaseBuilder.php(1913): CodeIgniter\Database\BaseConnection->query('UPDATE `desa` S...', Array, false)
#4 C:\xampp\htdocs\rtpintar\system\Model.php(298): CodeIgniter\Database\BaseBuilder->update()
#5 C:\xampp\htdocs\rtpintar\system\BaseModel.php(865): CodeIgniter\Model->doUpdate(Array, Array)
#6 C:\xampp\htdocs\rtpintar\system\Model.php(651): CodeIgniter\BaseModel->update(Array, Array)
#7 C:\xampp\htdocs\rtpintar\app\Controllers\DesaController.php(36): CodeIgniter\Model->update('4', Array)
#8 C:\xampp\htdocs\rtpintar\system\CodeIgniter.php(825): App\Controllers\DesaController->edit('4')
#9 C:\xampp\htdocs\rtpintar\system\CodeIgniter.php(412): CodeIgniter\CodeIgniter->runController(Object(App\Controllers\DesaController))
#10 C:\xampp\htdocs\rtpintar\system\CodeIgniter.php(320): CodeIgniter\CodeIgniter->handleRequest(NULL, Object(Config\Cache), false)
#11 C:\xampp\htdocs\rtpintar\public\index.php(37): CodeIgniter\CodeIgniter->run()
#12 C:\xampp\htdocs\rtpintar\system\Commands\Server\rewrite.php(43): require_once('C:\\xampp\\htdocs...')
#13 {main}
ERROR - 2022-04-03 20:08:01 --> Unknown column 'desa.id' in 'where clause'
CRITICAL - 2022-04-03 20:08:01 --> Unknown column 'desa.id' in 'where clause'
#0 C:\xampp\htdocs\rtpintar\system\Database\MySQLi\Connection.php(292): mysqli->query('UPDATE `desa` S...', 0)
#1 C:\xampp\htdocs\rtpintar\system\Database\BaseConnection.php(670): CodeIgniter\Database\MySQLi\Connection->execute('UPDATE `desa` S...')
#2 C:\xampp\htdocs\rtpintar\system\Database\BaseConnection.php(598): CodeIgniter\Database\BaseConnection->simpleQuery('UPDATE `desa` S...')
#3 C:\xampp\htdocs\rtpintar\system\Database\BaseBuilder.php(1913): CodeIgniter\Database\BaseConnection->query('UPDATE `desa` S...', Array, false)
#4 C:\xampp\htdocs\rtpintar\system\Model.php(298): CodeIgniter\Database\BaseBuilder->update()
#5 C:\xampp\htdocs\rtpintar\system\BaseModel.php(865): CodeIgniter\Model->doUpdate(Array, Array)
#6 C:\xampp\htdocs\rtpintar\system\Model.php(651): CodeIgniter\BaseModel->update(Array, Array)
#7 C:\xampp\htdocs\rtpintar\app\Controllers\DesaController.php(36): CodeIgniter\Model->update('2', Array)
#8 C:\xampp\htdocs\rtpintar\system\CodeIgniter.php(825): App\Controllers\DesaController->edit('2')
#9 C:\xampp\htdocs\rtpintar\system\CodeIgniter.php(412): CodeIgniter\CodeIgniter->runController(Object(App\Controllers\DesaController))
#10 C:\xampp\htdocs\rtpintar\system\CodeIgniter.php(320): CodeIgniter\CodeIgniter->handleRequest(NULL, Object(Config\Cache), false)
#11 C:\xampp\htdocs\rtpintar\public\index.php(37): CodeIgniter\CodeIgniter->run()
#12 C:\xampp\htdocs\rtpintar\system\Commands\Server\rewrite.php(43): require_once('C:\\xampp\\htdocs...')
#13 {main}
ERROR - 2022-04-03 20:09:10 --> Unknown column 'desa.id' in 'where clause'
CRITICAL - 2022-04-03 20:09:10 --> Unknown column 'desa.id' in 'where clause'
#0 C:\xampp\htdocs\rtpintar\system\Database\MySQLi\Connection.php(292): mysqli->query('UPDATE `desa` S...', 0)
#1 C:\xampp\htdocs\rtpintar\system\Database\BaseConnection.php(670): CodeIgniter\Database\MySQLi\Connection->execute('UPDATE `desa` S...')
#2 C:\xampp\htdocs\rtpintar\system\Database\BaseConnection.php(598): CodeIgniter\Database\BaseConnection->simpleQuery('UPDATE `desa` S...')
#3 C:\xampp\htdocs\rtpintar\system\Database\BaseBuilder.php(1913): CodeIgniter\Database\BaseConnection->query('UPDATE `desa` S...', Array, false)
#4 C:\xampp\htdocs\rtpintar\system\Model.php(298): CodeIgniter\Database\BaseBuilder->update()
#5 C:\xampp\htdocs\rtpintar\system\BaseModel.php(865): CodeIgniter\Model->doUpdate(Array, Array)
#6 C:\xampp\htdocs\rtpintar\system\Model.php(651): CodeIgniter\BaseModel->update(Array, Array)
#7 C:\xampp\htdocs\rtpintar\app\Controllers\DesaController.php(36): CodeIgniter\Model->update('2', Array)
#8 C:\xampp\htdocs\rtpintar\system\CodeIgniter.php(825): App\Controllers\DesaController->edit('2')
#9 C:\xampp\htdocs\rtpintar\system\CodeIgniter.php(412): CodeIgniter\CodeIgniter->runController(Object(App\Controllers\DesaController))
#10 C:\xampp\htdocs\rtpintar\system\CodeIgniter.php(320): CodeIgniter\CodeIgniter->handleRequest(NULL, Object(Config\Cache), false)
#11 C:\xampp\htdocs\rtpintar\public\index.php(37): CodeIgniter\CodeIgniter->run()
#12 C:\xampp\htdocs\rtpintar\system\Commands\Server\rewrite.php(43): require_once('C:\\xampp\\htdocs...')
#13 {main}
ERROR - 2022-04-03 20:10:46 --> Unknown column 'desa.id' in 'where clause'
CRITICAL - 2022-04-03 20:10:46 --> Unknown column 'desa.id' in 'where clause'
#0 C:\xampp\htdocs\rtpintar\system\Database\MySQLi\Connection.php(292): mysqli->query('UPDATE `desa` S...', 0)
#1 C:\xampp\htdocs\rtpintar\system\Database\BaseConnection.php(670): CodeIgniter\Database\MySQLi\Connection->execute('UPDATE `desa` S...')
#2 C:\xampp\htdocs\rtpintar\system\Database\BaseConnection.php(598): CodeIgniter\Database\BaseConnection->simpleQuery('UPDATE `desa` S...')
#3 C:\xampp\htdocs\rtpintar\system\Database\BaseBuilder.php(1913): CodeIgniter\Database\BaseConnection->query('UPDATE `desa` S...', Array, false)
#4 C:\xampp\htdocs\rtpintar\system\Model.php(298): CodeIgniter\Database\BaseBuilder->update()
#5 C:\xampp\htdocs\rtpintar\system\BaseModel.php(865): CodeIgniter\Model->doUpdate(Array, Array)
#6 C:\xampp\htdocs\rtpintar\system\Model.php(651): CodeIgniter\BaseModel->update(Array, Array)
#7 C:\xampp\htdocs\rtpintar\app\Controllers\DesaController.php(36): CodeIgniter\Model->update('2', Array)
#8 C:\xampp\htdocs\rtpintar\system\CodeIgniter.php(825): App\Controllers\DesaController->edit('2')
#9 C:\xampp\htdocs\rtpintar\system\CodeIgniter.php(412): CodeIgniter\CodeIgniter->runController(Object(App\Controllers\DesaController))
#10 C:\xampp\htdocs\rtpintar\system\CodeIgniter.php(320): CodeIgniter\CodeIgniter->handleRequest(NULL, Object(Config\Cache), false)
#11 C:\xampp\htdocs\rtpintar\public\index.php(37): CodeIgniter\CodeIgniter->run()
#12 C:\xampp\htdocs\rtpintar\system\Commands\Server\rewrite.php(43): require_once('C:\\xampp\\htdocs...')
#13 {main}
CRITICAL - 2022-04-03 20:11:56 --> Undefined index: id_desa
#0 C:\xampp\htdocs\rtpintar\app\Views\desa.php(85): CodeIgniter\Debug\Exceptions->errorHandler(8, 'Undefined index...', 'C:\\xampp\\htdocs...', 85, Array)
#1 C:\xampp\htdocs\rtpintar\system\View\View.php(210): include('C:\\xampp\\htdocs...')
#2 C:\xampp\htdocs\rtpintar\system\View\View.php(213): CodeIgniter\View\View->CodeIgniter\View\{closure}()
#3 C:\xampp\htdocs\rtpintar\system\Common.php(1089): CodeIgniter\View\View->render('desa', Array, true)
#4 C:\xampp\htdocs\rtpintar\app\Controllers\DesaController.php(19): view('desa', Array)
#5 C:\xampp\htdocs\rtpintar\system\CodeIgniter.php(825): App\Controllers\DesaController->index()
#6 C:\xampp\htdocs\rtpintar\system\CodeIgniter.php(412): CodeIgniter\CodeIgniter->runController(Object(App\Controllers\DesaController))
#7 C:\xampp\htdocs\rtpintar\system\CodeIgniter.php(320): CodeIgniter\CodeIgniter->handleRequest(NULL, Object(Config\Cache), false)
#8 C:\xampp\htdocs\rtpintar\public\index.php(37): CodeIgniter\CodeIgniter->run()
#9 C:\xampp\htdocs\rtpintar\system\Commands\Server\rewrite.php(43): require_once('C:\\xampp\\htdocs...')
#10 {main}
CRITICAL - 2022-04-03 20:12:14 --> Undefined index: id_desa
#0 C:\xampp\htdocs\rtpintar\app\Views\desa.php(83): CodeIgniter\Debug\Exceptions->errorHandler(8, 'Undefined index...', 'C:\\xampp\\htdocs...', 83, Array)
#1 C:\xampp\htdocs\rtpintar\system\View\View.php(210): include('C:\\xampp\\htdocs...')
#2 C:\xampp\htdocs\rtpintar\system\View\View.php(213): CodeIgniter\View\View->CodeIgniter\View\{closure}()
#3 C:\xampp\htdocs\rtpintar\system\Common.php(1089): CodeIgniter\View\View->render('desa', Array, true)
#4 C:\xampp\htdocs\rtpintar\app\Controllers\DesaController.php(19): view('desa', Array)
#5 C:\xampp\htdocs\rtpintar\system\CodeIgniter.php(825): App\Controllers\DesaController->index()
#6 C:\xampp\htdocs\rtpintar\system\CodeIgniter.php(412): CodeIgniter\CodeIgniter->runController(Object(App\Controllers\DesaController))
#7 C:\xampp\htdocs\rtpintar\system\CodeIgniter.php(320): CodeIgniter\CodeIgniter->handleRequest(NULL, Object(Config\Cache), false)
#8 C:\xampp\htdocs\rtpintar\public\index.php(37): CodeIgniter\CodeIgniter->run()
#9 C:\xampp\htdocs\rtpintar\system\Commands\Server\rewrite.php(43): require_once('C:\\xampp\\htdocs...')
#10 {main}
CRITICAL - 2022-04-03 20:12:15 --> Undefined index: id_desa
#0 C:\xampp\htdocs\rtpintar\app\Views\desa.php(83): CodeIgniter\Debug\Exceptions->errorHandler(8, 'Undefined index...', 'C:\\xampp\\htdocs...', 83, Array)
#1 C:\xampp\htdocs\rtpintar\system\View\View.php(210): include('C:\\xampp\\htdocs...')
#2 C:\xampp\htdocs\rtpintar\system\View\View.php(213): CodeIgniter\View\View->CodeIgniter\View\{closure}()
#3 C:\xampp\htdocs\rtpintar\system\Common.php(1089): CodeIgniter\View\View->render('desa', Array, true)
#4 C:\xampp\htdocs\rtpintar\app\Controllers\DesaController.php(19): view('desa', Array)
#5 C:\xampp\htdocs\rtpintar\system\CodeIgniter.php(825): App\Controllers\DesaController->index()
#6 C:\xampp\htdocs\rtpintar\system\CodeIgniter.php(412): CodeIgniter\CodeIgniter->runController(Object(App\Controllers\DesaController))
#7 C:\xampp\htdocs\rtpintar\system\CodeIgniter.php(320): CodeIgniter\CodeIgniter->handleRequest(NULL, Object(Config\Cache), false)
#8 C:\xampp\htdocs\rtpintar\public\index.php(37): CodeIgniter\CodeIgniter->run()
#9 C:\xampp\htdocs\rtpintar\system\Commands\Server\rewrite.php(43): require_once('C:\\xampp\\htdocs...')
#10 {main}
CRITICAL - 2022-04-03 20:12:16 --> Undefined index: id_desa
#0 C:\xampp\htdocs\rtpintar\app\Views\desa.php(83): CodeIgniter\Debug\Exceptions->errorHandler(8, 'Undefined index...', 'C:\\xampp\\htdocs...', 83, Array)
#1 C:\xampp\htdocs\rtpintar\system\View\View.php(210): include('C:\\xampp\\htdocs...')
#2 C:\xampp\htdocs\rtpintar\system\View\View.php(213): CodeIgniter\View\View->CodeIgniter\View\{closure}()
#3 C:\xampp\htdocs\rtpintar\system\Common.php(1089): CodeIgniter\View\View->render('desa', Array, true)
#4 C:\xampp\htdocs\rtpintar\app\Controllers\DesaController.php(19): view('desa', Array)
#5 C:\xampp\htdocs\rtpintar\system\CodeIgniter.php(825): App\Controllers\DesaController->index()
#6 C:\xampp\htdocs\rtpintar\system\CodeIgniter.php(412): CodeIgniter\CodeIgniter->runController(Object(App\Controllers\DesaController))
#7 C:\xampp\htdocs\rtpintar\system\CodeIgniter.php(320): CodeIgniter\CodeIgniter->handleRequest(NULL, Object(Config\Cache), false)
#8 C:\xampp\htdocs\rtpintar\public\index.php(37): CodeIgniter\CodeIgniter->run()
#9 C:\xampp\htdocs\rtpintar\system\Commands\Server\rewrite.php(43): require_once('C:\\xampp\\htdocs...')
#10 {main}
CRITICAL - 2022-04-03 20:12:17 --> Undefined index: id_desa
#0 C:\xampp\htdocs\rtpintar\app\Views\desa.php(83): CodeIgniter\Debug\Exceptions->errorHandler(8, 'Undefined index...', 'C:\\xampp\\htdocs...', 83, Array)
#1 C:\xampp\htdocs\rtpintar\system\View\View.php(210): include('C:\\xampp\\htdocs...')
#2 C:\xampp\htdocs\rtpintar\system\View\View.php(213): CodeIgniter\View\View->CodeIgniter\View\{closure}()
#3 C:\xampp\htdocs\rtpintar\system\Common.php(1089): CodeIgniter\View\View->render('desa', Array, true)
#4 C:\xampp\htdocs\rtpintar\app\Controllers\DesaController.php(19): view('desa', Array)
#5 C:\xampp\htdocs\rtpintar\system\CodeIgniter.php(825): App\Controllers\DesaController->index()
#6 C:\xampp\htdocs\rtpintar\system\CodeIgniter.php(412): CodeIgniter\CodeIgniter->runController(Object(App\Controllers\DesaController))
#7 C:\xampp\htdocs\rtpintar\system\CodeIgniter.php(320): CodeIgniter\CodeIgniter->handleRequest(NULL, Object(Config\Cache), false)
#8 C:\xampp\htdocs\rtpintar\public\index.php(37): CodeIgniter\CodeIgniter->run()
#9 C:\xampp\htdocs\rtpintar\system\Commands\Server\rewrite.php(43): require_once('C:\\xampp\\htdocs...')
#10 {main}
