CRITICAL - 2022-07-04 03:20:21 --> Invalid file: editprofilewarga.php
#0 C:\xampp\htdocs\rtpintar\system\View\View.php(198): CodeIgniter\Exceptions\FrameworkException::forInvalidFile('editprofilewarg...')
#1 C:\xampp\htdocs\rtpintar\system\Common.php(1089): CodeIgniter\View\View->render('editprofilewarg...', Array, true)
#2 C:\xampp\htdocs\rtpintar\app\Controllers\Editprofilewarga.php(48): view('editprofilewarg...', Array)
#3 C:\xampp\htdocs\rtpintar\system\CodeIgniter.php(825): App\Controllers\Editprofilewarga->updateprofilewarga()
#4 C:\xampp\htdocs\rtpintar\system\CodeIgniter.php(412): CodeIgniter\CodeIgniter->runController(Object(App\Controllers\Editprofilewarga))
#5 C:\xampp\htdocs\rtpintar\system\CodeIgniter.php(320): CodeIgniter\CodeIgniter->handleRequest(NULL, Object(Config\Cache), false)
#6 C:\xampp\htdocs\rtpintar\public\index.php(37): CodeIgniter\CodeIgniter->run()
#7 C:\xampp\htdocs\rtpintar\system\Commands\Server\rewrite.php(43): require_once('C:\\xampp\\htdocs...')
#8 {main}
ERROR - 2022-07-04 03:48:10 --> Unknown column 'id_akun_warga' in 'where clause'
CRITICAL - 2022-07-04 03:50:00 --> Object of class App\Models\AkunwargaModel could not be converted to string
#0 C:\xampp\htdocs\rtpintar\system\Database\Query.php(318): strtr('UPDATE `akunrt`...', Array)
#1 C:\xampp\htdocs\rtpintar\system\Database\Query.php(293): CodeIgniter\Database\Query->matchNamedBinds('UPDATE `akunrt`...', Array)
#2 C:\xampp\htdocs\rtpintar\system\Database\Query.php(150): CodeIgniter\Database\Query->compileBinds()
#3 C:\xampp\htdocs\rtpintar\system\Database\BaseConnection.php(598): CodeIgniter\Database\Query->getQuery()
#4 C:\xampp\htdocs\rtpintar\system\Database\BaseBuilder.php(1913): CodeIgniter\Database\BaseConnection->query('UPDATE `akunrt`...', Array, false)
#5 C:\xampp\htdocs\rtpintar\app\Models\AkunwargaModel.php(23): CodeIgniter\Database\BaseBuilder->update(Array, Array)
#6 C:\xampp\htdocs\rtpintar\app\Controllers\Editprofilewarga.php(83): App\Models\AkunwargaModel->updateAkunwarga('1', Array)
#7 C:\xampp\htdocs\rtpintar\system\CodeIgniter.php(825): App\Controllers\Editprofilewarga->updateprofilewarga()
#8 C:\xampp\htdocs\rtpintar\system\CodeIgniter.php(412): CodeIgniter\CodeIgniter->runController(Object(App\Controllers\Editprofilewarga))
#9 C:\xampp\htdocs\rtpintar\system\CodeIgniter.php(320): CodeIgniter\CodeIgniter->handleRequest(NULL, Object(Config\Cache), false)
#10 C:\xampp\htdocs\rtpintar\public\index.php(37): CodeIgniter\CodeIgniter->run()
#11 C:\xampp\htdocs\rtpintar\system\Commands\Server\rewrite.php(43): require_once('C:\\xampp\\htdocs...')
#12 {main}
ERROR - 2022-07-04 03:56:01 --> Unknown column 'id_akun_warga' in 'where clause'
CRITICAL - 2022-07-04 04:14:01 --> You must set the database table to be used with your query.
#0 C:\xampp\htdocs\rtpintar\system\Model.php(545): CodeIgniter\Database\BaseConnection->table(NULL)
#1 C:\xampp\htdocs\rtpintar\system\Model.php(722): CodeIgniter\Model->builder()
#2 C:\xampp\htdocs\rtpintar\app\Controllers\Editprofilert.php(26): CodeIgniter\Model->__call('where', Array)
#3 C:\xampp\htdocs\rtpintar\system\CodeIgniter.php(825): App\Controllers\Editprofilert->index()
#4 C:\xampp\htdocs\rtpintar\system\CodeIgniter.php(412): CodeIgniter\CodeIgniter->runController(Object(App\Controllers\Editprofilert))
#5 C:\xampp\htdocs\rtpintar\system\CodeIgniter.php(320): CodeIgniter\CodeIgniter->handleRequest(NULL, Object(Config\Cache), false)
#6 C:\xampp\htdocs\rtpintar\public\index.php(37): CodeIgniter\CodeIgniter->run()
#7 C:\xampp\htdocs\rtpintar\system\Commands\Server\rewrite.php(43): require_once('C:\\xampp\\htdocs...')
#8 {main}
CRITICAL - 2022-07-04 04:57:53 --> Argument 1 passed to CodeIgniter\Database\BaseBuilder::update() must be of the type array or null, string given, called in C:\xampp\htdocs\rtpintar\app\Models\AkunrtModel.php on line 30
#0 C:\xampp\htdocs\rtpintar\app\Models\AkunrtModel.php(30): CodeIgniter\Database\BaseBuilder->update('6', Array)
#1 C:\xampp\htdocs\rtpintar\app\Controllers\Editprofilert.php(75): App\Models\AkunrtModel->updateAkunrt('6', Array)
#2 C:\xampp\htdocs\rtpintar\system\CodeIgniter.php(825): App\Controllers\Editprofilert->updateprofilert()
#3 C:\xampp\htdocs\rtpintar\system\CodeIgniter.php(412): CodeIgniter\CodeIgniter->runController(Object(App\Controllers\Editprofilert))
#4 C:\xampp\htdocs\rtpintar\system\CodeIgniter.php(320): CodeIgniter\CodeIgniter->handleRequest(NULL, Object(Config\Cache), false)
#5 C:\xampp\htdocs\rtpintar\public\index.php(37): CodeIgniter\CodeIgniter->run()
#6 C:\xampp\htdocs\rtpintar\system\Commands\Server\rewrite.php(43): require_once('C:\\xampp\\htdocs...')
#7 {main}
