CRITICAL - 2022-05-23 21:29:25 --> Argument 3 passed to view() must be of the type array, string given, called in C:\xampp\htdocs\rtpintar\app\Controllers\KonfirmasiWarga.php on line 22
#0 C:\xampp\htdocs\rtpintar\app\Controllers\KonfirmasiWarga.php(22): view('konfirmasi_warg...', Array, 'bambang')
#1 C:\xampp\htdocs\rtpintar\system\CodeIgniter.php(825): App\Controllers\KonfirmasiWarga->index()
#2 C:\xampp\htdocs\rtpintar\system\CodeIgniter.php(412): CodeIgniter\CodeIgniter->runController(Object(App\Controllers\KonfirmasiWarga))
#3 C:\xampp\htdocs\rtpintar\system\CodeIgniter.php(320): CodeIgniter\CodeIgniter->handleRequest(NULL, Object(Config\Cache), false)
#4 C:\xampp\htdocs\rtpintar\public\index.php(37): CodeIgniter\CodeIgniter->run()
#5 C:\xampp\htdocs\rtpintar\system\Commands\Server\rewrite.php(43): require_once('C:\\xampp\\htdocs...')
#6 {main}
CRITICAL - 2022-05-23 21:46:26 --> Invalid file: konfirmaasi_warga.php
#0 C:\xampp\htdocs\rtpintar\system\View\View.php(198): CodeIgniter\Exceptions\FrameworkException::forInvalidFile('konfirmaasi_war...')
#1 C:\xampp\htdocs\rtpintar\system\Common.php(1089): CodeIgniter\View\View->render('konfirmaasi_war...', Array, true)
#2 C:\xampp\htdocs\rtpintar\app\Controllers\KonfirmasiWarga.php(25): view('konfirmaasi_war...', Array)
#3 C:\xampp\htdocs\rtpintar\system\CodeIgniter.php(825): App\Controllers\KonfirmasiWarga->index()
#4 C:\xampp\htdocs\rtpintar\system\CodeIgniter.php(412): CodeIgniter\CodeIgniter->runController(Object(App\Controllers\KonfirmasiWarga))
#5 C:\xampp\htdocs\rtpintar\system\CodeIgniter.php(320): CodeIgniter\CodeIgniter->handleRequest(NULL, Object(Config\Cache), false)
#6 C:\xampp\htdocs\rtpintar\public\index.php(37): CodeIgniter\CodeIgniter->run()
#7 C:\xampp\htdocs\rtpintar\system\Commands\Server\rewrite.php(43): require_once('C:\\xampp\\htdocs...')
#8 {main}
CRITICAL - 2022-05-23 21:46:35 --> Invalid file: konfirmaasi_warga.php
#0 C:\xampp\htdocs\rtpintar\system\View\View.php(198): CodeIgniter\Exceptions\FrameworkException::forInvalidFile('konfirmaasi_war...')
#1 C:\xampp\htdocs\rtpintar\system\Common.php(1089): CodeIgniter\View\View->render('konfirmaasi_war...', Array, true)
#2 C:\xampp\htdocs\rtpintar\app\Controllers\KonfirmasiWarga.php(25): view('konfirmaasi_war...', Array)
#3 C:\xampp\htdocs\rtpintar\system\CodeIgniter.php(825): App\Controllers\KonfirmasiWarga->index()
#4 C:\xampp\htdocs\rtpintar\system\CodeIgniter.php(412): CodeIgniter\CodeIgniter->runController(Object(App\Controllers\KonfirmasiWarga))
#5 C:\xampp\htdocs\rtpintar\system\CodeIgniter.php(320): CodeIgniter\CodeIgniter->handleRequest(NULL, Object(Config\Cache), false)
#6 C:\xampp\htdocs\rtpintar\public\index.php(37): CodeIgniter\CodeIgniter->run()
#7 C:\xampp\htdocs\rtpintar\system\Commands\Server\rewrite.php(43): require_once('C:\\xampp\\htdocs...')
#8 {main}
CRITICAL - 2022-05-23 21:52:12 --> Trying to get property 'nama_warga' of non-object
#0 C:\xampp\htdocs\rtpintar\app\Views\konfirmasi_warga.php(35): CodeIgniter\Debug\Exceptions->errorHandler(8, 'Trying to get p...', 'C:\\xampp\\htdocs...', 35, Array)
#1 C:\xampp\htdocs\rtpintar\system\View\View.php(210): include('C:\\xampp\\htdocs...')
#2 C:\xampp\htdocs\rtpintar\system\View\View.php(213): CodeIgniter\View\View->CodeIgniter\View\{closure}()
#3 C:\xampp\htdocs\rtpintar\system\Common.php(1089): CodeIgniter\View\View->render('konfirmasi_warg...', Array, true)
#4 C:\xampp\htdocs\rtpintar\app\Controllers\KonfirmasiWarga.php(25): view('konfirmasi_warg...', Array)
#5 C:\xampp\htdocs\rtpintar\system\CodeIgniter.php(825): App\Controllers\KonfirmasiWarga->index()
#6 C:\xampp\htdocs\rtpintar\system\CodeIgniter.php(412): CodeIgniter\CodeIgniter->runController(Object(App\Controllers\KonfirmasiWarga))
#7 C:\xampp\htdocs\rtpintar\system\CodeIgniter.php(320): CodeIgniter\CodeIgniter->handleRequest(NULL, Object(Config\Cache), false)
#8 C:\xampp\htdocs\rtpintar\public\index.php(37): CodeIgniter\CodeIgniter->run()
#9 C:\xampp\htdocs\rtpintar\system\Commands\Server\rewrite.php(43): require_once('C:\\xampp\\htdocs...')
#10 {main}
CRITICAL - 2022-05-23 22:17:59 --> Call to a member function paginate() on array
#0 C:\xampp\htdocs\rtpintar\system\CodeIgniter.php(825): App\Controllers\KonfirmasiWarga->index()
#1 C:\xampp\htdocs\rtpintar\system\CodeIgniter.php(412): CodeIgniter\CodeIgniter->runController(Object(App\Controllers\KonfirmasiWarga))
#2 C:\xampp\htdocs\rtpintar\system\CodeIgniter.php(320): CodeIgniter\CodeIgniter->handleRequest(NULL, Object(Config\Cache), false)
#3 C:\xampp\htdocs\rtpintar\public\index.php(37): CodeIgniter\CodeIgniter->run()
#4 C:\xampp\htdocs\rtpintar\system\Commands\Server\rewrite.php(43): require_once('C:\\xampp\\htdocs...')
#5 {main}
CRITICAL - 2022-05-23 22:25:44 --> Call to a member function paginate() on array
#0 C:\xampp\htdocs\rtpintar\system\CodeIgniter.php(825): App\Controllers\KonfirmasiWarga->index()
#1 C:\xampp\htdocs\rtpintar\system\CodeIgniter.php(412): CodeIgniter\CodeIgniter->runController(Object(App\Controllers\KonfirmasiWarga))
#2 C:\xampp\htdocs\rtpintar\system\CodeIgniter.php(320): CodeIgniter\CodeIgniter->handleRequest(NULL, Object(Config\Cache), false)
#3 C:\xampp\htdocs\rtpintar\public\index.php(37): CodeIgniter\CodeIgniter->run()
#4 C:\xampp\htdocs\rtpintar\system\Commands\Server\rewrite.php(43): require_once('C:\\xampp\\htdocs...')
#5 {main}
CRITICAL - 2022-05-23 22:25:45 --> Call to a member function paginate() on array
#0 C:\xampp\htdocs\rtpintar\system\CodeIgniter.php(825): App\Controllers\KonfirmasiWarga->index()
#1 C:\xampp\htdocs\rtpintar\system\CodeIgniter.php(412): CodeIgniter\CodeIgniter->runController(Object(App\Controllers\KonfirmasiWarga))
#2 C:\xampp\htdocs\rtpintar\system\CodeIgniter.php(320): CodeIgniter\CodeIgniter->handleRequest(NULL, Object(Config\Cache), false)
#3 C:\xampp\htdocs\rtpintar\public\index.php(37): CodeIgniter\CodeIgniter->run()
#4 C:\xampp\htdocs\rtpintar\system\Commands\Server\rewrite.php(43): require_once('C:\\xampp\\htdocs...')
#5 {main}
CRITICAL - 2022-05-23 22:25:46 --> Call to a member function paginate() on array
#0 C:\xampp\htdocs\rtpintar\system\CodeIgniter.php(825): App\Controllers\KonfirmasiWarga->index()
#1 C:\xampp\htdocs\rtpintar\system\CodeIgniter.php(412): CodeIgniter\CodeIgniter->runController(Object(App\Controllers\KonfirmasiWarga))
#2 C:\xampp\htdocs\rtpintar\system\CodeIgniter.php(320): CodeIgniter\CodeIgniter->handleRequest(NULL, Object(Config\Cache), false)
#3 C:\xampp\htdocs\rtpintar\public\index.php(37): CodeIgniter\CodeIgniter->run()
#4 C:\xampp\htdocs\rtpintar\system\Commands\Server\rewrite.php(43): require_once('C:\\xampp\\htdocs...')
#5 {main}
CRITICAL - 2022-05-23 22:25:48 --> Call to a member function paginate() on array
#0 C:\xampp\htdocs\rtpintar\system\CodeIgniter.php(825): App\Controllers\KonfirmasiWarga->index()
#1 C:\xampp\htdocs\rtpintar\system\CodeIgniter.php(412): CodeIgniter\CodeIgniter->runController(Object(App\Controllers\KonfirmasiWarga))
#2 C:\xampp\htdocs\rtpintar\system\CodeIgniter.php(320): CodeIgniter\CodeIgniter->handleRequest(NULL, Object(Config\Cache), false)
#3 C:\xampp\htdocs\rtpintar\public\index.php(37): CodeIgniter\CodeIgniter->run()
#4 C:\xampp\htdocs\rtpintar\system\Commands\Server\rewrite.php(43): require_once('C:\\xampp\\htdocs...')
#5 {main}
CRITICAL - 2022-05-23 22:25:48 --> Call to a member function paginate() on array
#0 C:\xampp\htdocs\rtpintar\system\CodeIgniter.php(825): App\Controllers\KonfirmasiWarga->index()
#1 C:\xampp\htdocs\rtpintar\system\CodeIgniter.php(412): CodeIgniter\CodeIgniter->runController(Object(App\Controllers\KonfirmasiWarga))
#2 C:\xampp\htdocs\rtpintar\system\CodeIgniter.php(320): CodeIgniter\CodeIgniter->handleRequest(NULL, Object(Config\Cache), false)
#3 C:\xampp\htdocs\rtpintar\public\index.php(37): CodeIgniter\CodeIgniter->run()
#4 C:\xampp\htdocs\rtpintar\system\Commands\Server\rewrite.php(43): require_once('C:\\xampp\\htdocs...')
#5 {main}
CRITICAL - 2022-05-23 22:25:53 --> Call to a member function paginate() on array
#0 C:\xampp\htdocs\rtpintar\system\CodeIgniter.php(825): App\Controllers\KonfirmasiWarga->index()
#1 C:\xampp\htdocs\rtpintar\system\CodeIgniter.php(412): CodeIgniter\CodeIgniter->runController(Object(App\Controllers\KonfirmasiWarga))
#2 C:\xampp\htdocs\rtpintar\system\CodeIgniter.php(320): CodeIgniter\CodeIgniter->handleRequest(NULL, Object(Config\Cache), false)
#3 C:\xampp\htdocs\rtpintar\public\index.php(37): CodeIgniter\CodeIgniter->run()
#4 C:\xampp\htdocs\rtpintar\system\Commands\Server\rewrite.php(43): require_once('C:\\xampp\\htdocs...')
#5 {main}
