CRITICAL - 2022-06-20 07:30:14 --> Undefined index: pengumuman
#0 C:\xampp\htdocs\rtpintar\app\Views\pengumuman_warga.php(13): CodeIgniter\Debug\Exceptions->errorHandler(8, 'Undefined index...', 'C:\\xampp\\htdocs...', 13, Array)
#1 C:\xampp\htdocs\rtpintar\system\View\View.php(210): include('C:\\xampp\\htdocs...')
#2 C:\xampp\htdocs\rtpintar\system\View\View.php(213): CodeIgniter\View\View->CodeIgniter\View\{closure}()
#3 C:\xampp\htdocs\rtpintar\system\Common.php(1089): CodeIgniter\View\View->render('pengumuman_warg...', Array, true)
#4 C:\xampp\htdocs\rtpintar\app\Controllers\PengumumanWarga.php(19): view('pengumuman_warg...', Array)
#5 C:\xampp\htdocs\rtpintar\system\CodeIgniter.php(825): App\Controllers\PengumumanWarga->index()
#6 C:\xampp\htdocs\rtpintar\system\CodeIgniter.php(412): CodeIgniter\CodeIgniter->runController(Object(App\Controllers\PengumumanWarga))
#7 C:\xampp\htdocs\rtpintar\system\CodeIgniter.php(320): CodeIgniter\CodeIgniter->handleRequest(NULL, Object(Config\Cache), false)
#8 C:\xampp\htdocs\rtpintar\public\index.php(37): CodeIgniter\CodeIgniter->run()
#9 C:\xampp\htdocs\rtpintar\system\Commands\Server\rewrite.php(43): require_once('C:\\xampp\\htdocs...')
#10 {main}
ERROR - 2022-06-20 08:08:17 --> Unknown column 'id_desa_uang' in 'where clause'
CRITICAL - 2022-06-20 08:08:17 --> Unknown column 'id_desa_uang' in 'where clause'
#0 C:\xampp\htdocs\rtpintar\system\Database\MySQLi\Connection.php(292): mysqli->query('SELECT `nama_rt...', 0)
#1 C:\xampp\htdocs\rtpintar\system\Database\BaseConnection.php(670): CodeIgniter\Database\MySQLi\Connection->execute('SELECT `nama_rt...')
#2 C:\xampp\htdocs\rtpintar\system\Database\BaseConnection.php(598): CodeIgniter\Database\BaseConnection->simpleQuery('SELECT `nama_rt...')
#3 C:\xampp\htdocs\rtpintar\system\Database\BaseBuilder.php(1455): CodeIgniter\Database\BaseConnection->query('SELECT `nama_rt...', Array, false)
#4 C:\xampp\htdocs\rtpintar\system\Model.php(183): CodeIgniter\Database\BaseBuilder->get()
#5 C:\xampp\htdocs\rtpintar\system\BaseModel.php(584): CodeIgniter\Model->doFindAll(0, 0)
#6 C:\xampp\htdocs\rtpintar\app\Models\LaporWargaModel.php(10): CodeIgniter\BaseModel->findAll()
#7 C:\xampp\htdocs\rtpintar\app\Controllers\LaporWarga.php(19): App\Models\LaporWargaModel->getKontak('1')
#8 C:\xampp\htdocs\rtpintar\system\CodeIgniter.php(825): App\Controllers\LaporWarga->index()
#9 C:\xampp\htdocs\rtpintar\system\CodeIgniter.php(412): CodeIgniter\CodeIgniter->runController(Object(App\Controllers\LaporWarga))
#10 C:\xampp\htdocs\rtpintar\system\CodeIgniter.php(320): CodeIgniter\CodeIgniter->handleRequest(NULL, Object(Config\Cache), false)
#11 C:\xampp\htdocs\rtpintar\public\index.php(37): CodeIgniter\CodeIgniter->run()
#12 C:\xampp\htdocs\rtpintar\system\Commands\Server\rewrite.php(43): require_once('C:\\xampp\\htdocs...')
#13 {main}
