CRITICAL - 2022-05-24 05:35:53 --> Allowed fields must be specified for model: App\Models\AkunwargaModel
#0 C:\xampp\htdocs\rtpintar\system\BaseModel.php(1138): CodeIgniter\Database\Exceptions\DataException::forInvalidAllowedFields('App\\Models\\Akun...')
#1 C:\xampp\htdocs\rtpintar\system\BaseModel.php(841): CodeIgniter\BaseModel->doProtectFields(Array)
#2 C:\xampp\htdocs\rtpintar\system\Model.php(651): CodeIgniter\BaseModel->update(Array, Array)
#3 C:\xampp\htdocs\rtpintar\app\Controllers\KonfirmasiWarga.php(38): CodeIgniter\Model->update('status', Array)
#4 C:\xampp\htdocs\rtpintar\system\CodeIgniter.php(825): App\Controllers\KonfirmasiWarga->konfirmasi()
#5 C:\xampp\htdocs\rtpintar\system\CodeIgniter.php(412): CodeIgniter\CodeIgniter->runController(Object(App\Controllers\KonfirmasiWarga))
#6 C:\xampp\htdocs\rtpintar\system\CodeIgniter.php(320): CodeIgniter\CodeIgniter->handleRequest(NULL, Object(Config\Cache), false)
#7 C:\xampp\htdocs\rtpintar\public\index.php(37): CodeIgniter\CodeIgniter->run()
#8 C:\xampp\htdocs\rtpintar\system\Commands\Server\rewrite.php(43): require_once('C:\\xampp\\htdocs...')
#9 {main}
ERROR - 2022-05-24 05:40:09 --> Unknown column 'akunwarga.id' in 'where clause'
CRITICAL - 2022-05-24 05:40:09 --> Unknown column 'akunwarga.id' in 'where clause'
#0 C:\xampp\htdocs\rtpintar\system\Database\MySQLi\Connection.php(292): mysqli->query('UPDATE `akunwar...', 0)
#1 C:\xampp\htdocs\rtpintar\system\Database\BaseConnection.php(670): CodeIgniter\Database\MySQLi\Connection->execute('UPDATE `akunwar...')
#2 C:\xampp\htdocs\rtpintar\system\Database\BaseConnection.php(598): CodeIgniter\Database\BaseConnection->simpleQuery('UPDATE `akunwar...')
#3 C:\xampp\htdocs\rtpintar\system\Database\BaseBuilder.php(1913): CodeIgniter\Database\BaseConnection->query('UPDATE `akunwar...', Array, false)
#4 C:\xampp\htdocs\rtpintar\system\Model.php(298): CodeIgniter\Database\BaseBuilder->update()
#5 C:\xampp\htdocs\rtpintar\system\BaseModel.php(865): CodeIgniter\Model->doUpdate(Array, Array)
#6 C:\xampp\htdocs\rtpintar\system\Model.php(651): CodeIgniter\BaseModel->update(Array, Array)
#7 C:\xampp\htdocs\rtpintar\app\Controllers\KonfirmasiWarga.php(38): CodeIgniter\Model->update('status', Array)
#8 C:\xampp\htdocs\rtpintar\system\CodeIgniter.php(825): App\Controllers\KonfirmasiWarga->konfirmasi()
#9 C:\xampp\htdocs\rtpintar\system\CodeIgniter.php(412): CodeIgniter\CodeIgniter->runController(Object(App\Controllers\KonfirmasiWarga))
#10 C:\xampp\htdocs\rtpintar\system\CodeIgniter.php(320): CodeIgniter\CodeIgniter->handleRequest(NULL, Object(Config\Cache), false)
#11 C:\xampp\htdocs\rtpintar\public\index.php(37): CodeIgniter\CodeIgniter->run()
#12 C:\xampp\htdocs\rtpintar\system\Commands\Server\rewrite.php(43): require_once('C:\\xampp\\htdocs...')
#13 {main}
ERROR - 2022-05-24 05:42:43 --> Unknown column 'akunwarga.id' in 'where clause'
CRITICAL - 2022-05-24 05:42:43 --> Unknown column 'akunwarga.id' in 'where clause'
#0 C:\xampp\htdocs\rtpintar\system\Database\MySQLi\Connection.php(292): mysqli->query('UPDATE `akunwar...', 0)
#1 C:\xampp\htdocs\rtpintar\system\Database\BaseConnection.php(670): CodeIgniter\Database\MySQLi\Connection->execute('UPDATE `akunwar...')
#2 C:\xampp\htdocs\rtpintar\system\Database\BaseConnection.php(598): CodeIgniter\Database\BaseConnection->simpleQuery('UPDATE `akunwar...')
#3 C:\xampp\htdocs\rtpintar\system\Database\BaseBuilder.php(1913): CodeIgniter\Database\BaseConnection->query('UPDATE `akunwar...', Array, false)
#4 C:\xampp\htdocs\rtpintar\system\Model.php(298): CodeIgniter\Database\BaseBuilder->update()
#5 C:\xampp\htdocs\rtpintar\system\BaseModel.php(865): CodeIgniter\Model->doUpdate(Array, Array)
#6 C:\xampp\htdocs\rtpintar\system\Model.php(651): CodeIgniter\BaseModel->update(Array, Array)
#7 C:\xampp\htdocs\rtpintar\app\Controllers\KonfirmasiWarga.php(38): CodeIgniter\Model->update('status', Array)
#8 C:\xampp\htdocs\rtpintar\system\CodeIgniter.php(825): App\Controllers\KonfirmasiWarga->konfirmasi()
#9 C:\xampp\htdocs\rtpintar\system\CodeIgniter.php(412): CodeIgniter\CodeIgniter->runController(Object(App\Controllers\KonfirmasiWarga))
#10 C:\xampp\htdocs\rtpintar\system\CodeIgniter.php(320): CodeIgniter\CodeIgniter->handleRequest(NULL, Object(Config\Cache), false)
#11 C:\xampp\htdocs\rtpintar\public\index.php(37): CodeIgniter\CodeIgniter->run()
#12 C:\xampp\htdocs\rtpintar\system\Commands\Server\rewrite.php(43): require_once('C:\\xampp\\htdocs...')
#13 {main}
ERROR - 2022-05-24 05:47:05 --> Unknown column 'akunwarga.id' in 'where clause'
CRITICAL - 2022-05-24 05:47:05 --> Unknown column 'akunwarga.id' in 'where clause'
#0 C:\xampp\htdocs\rtpintar\system\Database\MySQLi\Connection.php(292): mysqli->query('UPDATE `akunwar...', 0)
#1 C:\xampp\htdocs\rtpintar\system\Database\BaseConnection.php(670): CodeIgniter\Database\MySQLi\Connection->execute('UPDATE `akunwar...')
#2 C:\xampp\htdocs\rtpintar\system\Database\BaseConnection.php(598): CodeIgniter\Database\BaseConnection->simpleQuery('UPDATE `akunwar...')
#3 C:\xampp\htdocs\rtpintar\system\Database\BaseBuilder.php(1913): CodeIgniter\Database\BaseConnection->query('UPDATE `akunwar...', Array, false)
#4 C:\xampp\htdocs\rtpintar\system\Model.php(298): CodeIgniter\Database\BaseBuilder->update()
#5 C:\xampp\htdocs\rtpintar\system\BaseModel.php(865): CodeIgniter\Model->doUpdate(Array, Array)
#6 C:\xampp\htdocs\rtpintar\system\Model.php(651): CodeIgniter\BaseModel->update(Array, Array)
#7 C:\xampp\htdocs\rtpintar\app\Controllers\KonfirmasiWarga.php(38): CodeIgniter\Model->update('status', Array)
#8 C:\xampp\htdocs\rtpintar\system\CodeIgniter.php(825): App\Controllers\KonfirmasiWarga->konfirmasi()
#9 C:\xampp\htdocs\rtpintar\system\CodeIgniter.php(412): CodeIgniter\CodeIgniter->runController(Object(App\Controllers\KonfirmasiWarga))
#10 C:\xampp\htdocs\rtpintar\system\CodeIgniter.php(320): CodeIgniter\CodeIgniter->handleRequest(NULL, Object(Config\Cache), false)
#11 C:\xampp\htdocs\rtpintar\public\index.php(37): CodeIgniter\CodeIgniter->run()
#12 C:\xampp\htdocs\rtpintar\system\Commands\Server\rewrite.php(43): require_once('C:\\xampp\\htdocs...')
#13 {main}
ERROR - 2022-05-24 05:49:35 --> Unknown column 'akunwarga.id' in 'where clause'
CRITICAL - 2022-05-24 05:49:35 --> Unknown column 'akunwarga.id' in 'where clause'
#0 C:\xampp\htdocs\rtpintar\system\Database\MySQLi\Connection.php(292): mysqli->query('UPDATE `akunwar...', 0)
#1 C:\xampp\htdocs\rtpintar\system\Database\BaseConnection.php(670): CodeIgniter\Database\MySQLi\Connection->execute('UPDATE `akunwar...')
#2 C:\xampp\htdocs\rtpintar\system\Database\BaseConnection.php(598): CodeIgniter\Database\BaseConnection->simpleQuery('UPDATE `akunwar...')
#3 C:\xampp\htdocs\rtpintar\system\Database\BaseBuilder.php(1913): CodeIgniter\Database\BaseConnection->query('UPDATE `akunwar...', Array, false)
#4 C:\xampp\htdocs\rtpintar\system\Model.php(298): CodeIgniter\Database\BaseBuilder->update()
#5 C:\xampp\htdocs\rtpintar\system\BaseModel.php(865): CodeIgniter\Model->doUpdate(Array, Array)
#6 C:\xampp\htdocs\rtpintar\system\Model.php(651): CodeIgniter\BaseModel->update(Array, Array)
#7 C:\xampp\htdocs\rtpintar\app\Controllers\KonfirmasiWarga.php(38): CodeIgniter\Model->update('status', Array)
#8 C:\xampp\htdocs\rtpintar\system\CodeIgniter.php(825): App\Controllers\KonfirmasiWarga->konfirmasi()
#9 C:\xampp\htdocs\rtpintar\system\CodeIgniter.php(412): CodeIgniter\CodeIgniter->runController(Object(App\Controllers\KonfirmasiWarga))
#10 C:\xampp\htdocs\rtpintar\system\CodeIgniter.php(320): CodeIgniter\CodeIgniter->handleRequest(NULL, Object(Config\Cache), false)
#11 C:\xampp\htdocs\rtpintar\public\index.php(37): CodeIgniter\CodeIgniter->run()
#12 C:\xampp\htdocs\rtpintar\system\Commands\Server\rewrite.php(43): require_once('C:\\xampp\\htdocs...')
#13 {main}
ERROR - 2022-05-24 05:52:23 --> Unknown column 'akunwarga.id' in 'where clause'
CRITICAL - 2022-05-24 05:52:23 --> Unknown column 'akunwarga.id' in 'where clause'
#0 C:\xampp\htdocs\rtpintar\system\Database\MySQLi\Connection.php(292): mysqli->query('UPDATE `akunwar...', 0)
#1 C:\xampp\htdocs\rtpintar\system\Database\BaseConnection.php(670): CodeIgniter\Database\MySQLi\Connection->execute('UPDATE `akunwar...')
#2 C:\xampp\htdocs\rtpintar\system\Database\BaseConnection.php(598): CodeIgniter\Database\BaseConnection->simpleQuery('UPDATE `akunwar...')
#3 C:\xampp\htdocs\rtpintar\system\Database\BaseBuilder.php(1913): CodeIgniter\Database\BaseConnection->query('UPDATE `akunwar...', Array, false)
#4 C:\xampp\htdocs\rtpintar\system\Model.php(298): CodeIgniter\Database\BaseBuilder->update()
#5 C:\xampp\htdocs\rtpintar\system\BaseModel.php(865): CodeIgniter\Model->doUpdate(Array, Array)
#6 C:\xampp\htdocs\rtpintar\system\Model.php(651): CodeIgniter\BaseModel->update(Array, Array)
#7 C:\xampp\htdocs\rtpintar\app\Controllers\KonfirmasiWarga.php(38): CodeIgniter\Model->update('status', Array)
#8 C:\xampp\htdocs\rtpintar\system\CodeIgniter.php(825): App\Controllers\KonfirmasiWarga->konfirmasi()
#9 C:\xampp\htdocs\rtpintar\system\CodeIgniter.php(412): CodeIgniter\CodeIgniter->runController(Object(App\Controllers\KonfirmasiWarga))
#10 C:\xampp\htdocs\rtpintar\system\CodeIgniter.php(320): CodeIgniter\CodeIgniter->handleRequest(NULL, Object(Config\Cache), false)
#11 C:\xampp\htdocs\rtpintar\public\index.php(37): CodeIgniter\CodeIgniter->run()
#12 C:\xampp\htdocs\rtpintar\system\Commands\Server\rewrite.php(43): require_once('C:\\xampp\\htdocs...')
#13 {main}
